{"/home/travis/build/npmtest/node-npmtest-raven/test.js":{"path":"/home/travis/build/npmtest/node-npmtest-raven/test.js","s":{"1":2,"2":2,"3":2,"4":2,"5":2,"6":2,"7":2,"8":1,"9":2,"10":2,"11":1,"12":1,"13":1,"14":1,"15":2,"16":2,"17":2,"18":2,"19":1,"20":1,"21":2,"22":2,"23":2,"24":1,"25":1,"26":1,"27":1,"28":1,"29":1,"30":1,"31":1,"32":1,"33":1,"34":1,"35":1,"36":1,"37":1,"38":1,"39":2,"40":2,"41":1,"42":2,"43":2,"44":1,"45":2,"46":2,"47":1,"48":2,"49":2,"50":1,"51":1,"52":1,"53":1,"54":1},"b":{"1":[2,1,1,1],"2":[1,1,1,1],"3":[1,1],"4":[1,1],"5":[1,1],"6":[1,1],"7":[1,1],"8":[1,1],"9":[1,1],"10":[1,1,1],"11":[1,1],"12":[1,1],"13":[1,1],"14":[1,1],"15":[1,1],"16":[1,1],"17":[1,1]},"f":{"1":2,"2":2,"3":2,"4":2,"5":2,"6":1,"7":1,"8":1,"9":2,"10":2,"11":2,"12":2,"13":1},"fnMap":{"1":{"name":"(anonymous_1)","line":12,"loc":{"start":{"line":12,"column":1},"end":{"line":12,"column":13}}},"2":{"name":"(anonymous_2)","line":19,"loc":{"start":{"line":19,"column":5},"end":{"line":19,"column":17}}},"3":{"name":"(anonymous_3)","line":23,"loc":{"start":{"line":23,"column":24},"end":{"line":23,"column":36}}},"4":{"name":"(anonymous_4)","line":61,"loc":{"start":{"line":61,"column":5},"end":{"line":61,"column":17}}},"5":{"name":"(anonymous_5)","line":82,"loc":{"start":{"line":82,"column":5},"end":{"line":82,"column":17}}},"6":{"name":"(anonymous_6)","line":91,"loc":{"start":{"line":91,"column":77},"end":{"line":94,"column":10}}},"7":{"name":"(anonymous_7)","line":112,"loc":{"start":{"line":112,"column":83},"end":{"line":115,"column":10}},"skip":true},"8":{"name":"(anonymous_8)","line":123,"loc":{"start":{"line":123,"column":77},"end":{"line":126,"column":10}},"skip":true},"9":{"name":"(anonymous_9)","line":139,"loc":{"start":{"line":139,"column":12},"end":{"line":139,"column":40}},"skip":true},"10":{"name":"(anonymous_10)","line":147,"loc":{"start":{"line":147,"column":77},"end":{"line":150,"column":10}},"skip":true},"11":{"name":"(anonymous_11)","line":158,"loc":{"start":{"line":158,"column":83},"end":{"line":161,"column":10}},"skip":true},"12":{"name":"(anonymous_12)","line":169,"loc":{"start":{"line":169,"column":79},"end":{"line":172,"column":10}},"skip":true},"13":{"name":"(anonymous_13)","line":180,"loc":{"start":{"line":180,"column":75},"end":{"line":183,"column":10}},"skip":true}},"statementMap":{"1":{"start":{"line":12,"column":0},"end":{"line":195,"column":5}},"2":{"start":{"line":14,"column":4},"end":{"line":14,"column":14}},"3":{"start":{"line":19,"column":4},"end":{"line":56,"column":9}},"4":{"start":{"line":21,"column":8},"end":{"line":21,"column":19}},"5":{"start":{"line":23,"column":8},"end":{"line":35,"column":13}},"6":{"start":{"line":24,"column":12},"end":{"line":34,"column":13}},"7":{"start":{"line":25,"column":16},"end":{"line":28,"column":30}},"8":{"start":{"line":30,"column":16},"end":{"line":33,"column":27}},"9":{"start":{"line":37,"column":8},"end":{"line":39,"column":21}},"10":{"start":{"line":40,"column":8},"end":{"line":53,"column":9}},"11":{"start":{"line":43,"column":12},"end":{"line":46,"column":14}},"12":{"start":{"line":47,"column":12},"end":{"line":47,"column":18}},"13":{"start":{"line":50,"column":12},"end":{"line":51,"column":46}},"14":{"start":{"line":52,"column":12},"end":{"line":52,"column":18}},"15":{"start":{"line":55,"column":8},"end":{"line":55,"column":35}},"16":{"start":{"line":61,"column":4},"end":{"line":63,"column":9}},"17":{"start":{"line":62,"column":8},"end":{"line":62,"column":15}},"18":{"start":{"line":64,"column":4},"end":{"line":77,"column":5}},"19":{"start":{"line":70,"column":8},"end":{"line":70,"column":14}},"20":{"start":{"line":76,"column":8},"end":{"line":76,"column":14}},"21":{"start":{"line":82,"column":4},"end":{"line":84,"column":9}},"22":{"start":{"line":83,"column":8},"end":{"line":83,"column":15}},"23":{"start":{"line":85,"column":4},"end":{"line":194,"column":5}},"24":{"start":{"line":91,"column":8},"end":{"line":99,"column":10}},"25":{"start":{"line":98,"column":12},"end":{"line":98,"column":35}},"26":{"start":{"line":102,"column":8},"end":{"line":104,"column":63}},"27":{"start":{"line":105,"column":8},"end":{"line":105,"column":14}},"28":{"start":{"line":112,"column":8},"end":{"line":121,"column":10},"skip":true},"29":{"start":{"line":119,"column":12},"end":{"line":119,"column":55},"skip":true},"30":{"start":{"line":120,"column":12},"end":{"line":120,"column":48},"skip":true},"31":{"start":{"line":123,"column":8},"end":{"line":136,"column":10},"skip":true},"32":{"start":{"line":130,"column":12},"end":{"line":130,"column":76},"skip":true},"33":{"start":{"line":131,"column":12},"end":{"line":131,"column":73},"skip":true},"34":{"start":{"line":132,"column":12},"end":{"line":132,"column":74},"skip":true},"35":{"start":{"line":133,"column":12},"end":{"line":133,"column":79},"skip":true},"36":{"start":{"line":134,"column":12},"end":{"line":134,"column":25},"skip":true},"37":{"start":{"line":135,"column":12},"end":{"line":135,"column":45},"skip":true},"38":{"start":{"line":138,"column":8},"end":{"line":145,"column":14},"skip":true},"39":{"start":{"line":143,"column":16},"end":{"line":143,"column":29},"skip":true},"40":{"start":{"line":144,"column":16},"end":{"line":144,"column":55},"skip":true},"41":{"start":{"line":147,"column":8},"end":{"line":156,"column":10},"skip":true},"42":{"start":{"line":154,"column":12},"end":{"line":154,"column":25},"skip":true},"43":{"start":{"line":155,"column":12},"end":{"line":155,"column":45},"skip":true},"44":{"start":{"line":158,"column":8},"end":{"line":167,"column":10},"skip":true},"45":{"start":{"line":165,"column":12},"end":{"line":165,"column":25},"skip":true},"46":{"start":{"line":166,"column":12},"end":{"line":166,"column":48},"skip":true},"47":{"start":{"line":169,"column":8},"end":{"line":178,"column":10},"skip":true},"48":{"start":{"line":176,"column":12},"end":{"line":176,"column":25},"skip":true},"49":{"start":{"line":177,"column":12},"end":{"line":177,"column":46},"skip":true},"50":{"start":{"line":180,"column":8},"end":{"line":189,"column":10},"skip":true},"51":{"start":{"line":187,"column":12},"end":{"line":187,"column":94},"skip":true},"52":{"start":{"line":188,"column":12},"end":{"line":188,"column":48},"skip":true},"53":{"start":{"line":192,"column":8},"end":{"line":192,"column":35},"skip":true},"54":{"start":{"line":193,"column":8},"end":{"line":193,"column":14},"skip":true}},"branchMap":{"1":{"line":25,"type":"binary-expr","locations":[{"start":{"line":25,"column":23},"end":{"line":25,"column":62}},{"start":{"line":26,"column":20},"end":{"line":26,"column":70}},{"start":{"line":27,"column":20},"end":{"line":27,"column":71}},{"start":{"line":28,"column":20},"end":{"line":28,"column":29}}]},"2":{"line":30,"type":"binary-expr","locations":[{"start":{"line":30,"column":23},"end":{"line":30,"column":37}},{"start":{"line":31,"column":20},"end":{"line":31,"column":61}},{"start":{"line":32,"column":20},"end":{"line":32,"column":70}},{"start":{"line":33,"column":20},"end":{"line":33,"column":26}}]},"3":{"line":37,"type":"cond-expr","locations":[{"start":{"line":38,"column":14},"end":{"line":38,"column":20}},{"start":{"line":39,"column":14},"end":{"line":39,"column":20}}]},"4":{"line":40,"type":"switch","locations":[{"start":{"line":42,"column":8},"end":{"line":47,"column":18}},{"start":{"line":49,"column":8},"end":{"line":52,"column":18}}]},"5":{"line":44,"type":"binary-expr","locations":[{"start":{"line":44,"column":16},"end":{"line":44,"column":44}},{"start":{"line":44,"column":48},"end":{"line":44,"column":66}}]},"6":{"line":50,"type":"binary-expr","locations":[{"start":{"line":50,"column":21},"end":{"line":50,"column":49}},{"start":{"line":50,"column":53},"end":{"line":50,"column":72}}]},"7":{"line":64,"type":"switch","locations":[{"start":{"line":69,"column":4},"end":{"line":70,"column":14}},{"start":{"line":75,"column":4},"end":{"line":76,"column":14}}]},"8":{"line":85,"type":"switch","locations":[{"start":{"line":90,"column":4},"end":{"line":105,"column":14}},{"start":{"line":111,"column":4},"end":{"line":193,"column":14},"skip":true}]},"9":{"line":91,"type":"binary-expr","locations":[{"start":{"line":91,"column":42},"end":{"line":91,"column":73}},{"start":{"line":91,"column":77},"end":{"line":99,"column":9}}]},"10":{"line":102,"type":"binary-expr","locations":[{"start":{"line":102,"column":18},"end":{"line":102,"column":32}},{"start":{"line":103,"column":12},"end":{"line":103,"column":53}},{"start":{"line":104,"column":12},"end":{"line":104,"column":61}}]},"11":{"line":112,"type":"binary-expr","locations":[{"start":{"line":112,"column":45},"end":{"line":112,"column":79},"skip":true},{"start":{"line":112,"column":83},"end":{"line":121,"column":9},"skip":true}]},"12":{"line":123,"type":"binary-expr","locations":[{"start":{"line":123,"column":42},"end":{"line":123,"column":73},"skip":true},{"start":{"line":123,"column":77},"end":{"line":136,"column":9},"skip":true}]},"13":{"line":138,"type":"binary-expr","locations":[{"start":{"line":138,"column":48},"end":{"line":138,"column":85},"skip":true},{"start":{"line":139,"column":12},"end":{"line":145,"column":13},"skip":true}]},"14":{"line":147,"type":"binary-expr","locations":[{"start":{"line":147,"column":42},"end":{"line":147,"column":73},"skip":true},{"start":{"line":147,"column":77},"end":{"line":156,"column":9},"skip":true}]},"15":{"line":158,"type":"binary-expr","locations":[{"start":{"line":158,"column":45},"end":{"line":158,"column":79},"skip":true},{"start":{"line":158,"column":83},"end":{"line":167,"column":9},"skip":true}]},"16":{"line":169,"type":"binary-expr","locations":[{"start":{"line":169,"column":43},"end":{"line":169,"column":75},"skip":true},{"start":{"line":169,"column":79},"end":{"line":178,"column":9},"skip":true}]},"17":{"line":180,"type":"binary-expr","locations":[{"start":{"line":180,"column":41},"end":{"line":180,"column":71},"skip":true},{"start":{"line":180,"column":75},"end":{"line":189,"column":9},"skip":true}]}},"code":["/* istanbul instrument in package npmtest_raven */","/*jslint","    bitwise: true,","    browser: true,","    maxerr: 8,","    maxlen: 96,","    node: true,","    nomen: true,","    regexp: true,","    stupid: true","*/","(function () {","    'use strict';","    var local;","","","","    // run shared js-env code - pre-init","    (function () {","        // init local","        local = {};","        // init modeJs","        local.modeJs = (function () {","            try {","                return typeof navigator.userAgent === 'string' &&","                    typeof document.querySelector('body') === 'object' &&","                    typeof XMLHttpRequest.prototype.open === 'function' &&","                    'browser';","            } catch (errorCaughtBrowser) {","                return module.exports &&","                    typeof process.versions.node === 'string' &&","                    typeof require('http').createServer === 'function' &&","                    'node';","            }","        }());","        // init global","        local.global = local.modeJs === 'browser'","            ? window","            : global;","        switch (local.modeJs) {","        // re-init local from window.local","        case 'browser':","            local = local.global.utility2.objectSetDefault(","                local.global.utility2_rollup || local.global.local,","                local.global.utility2","            );","            break;","        // re-init local from example.js","        case 'node':","            local = (local.global.utility2_rollup || require('utility2'))","                .requireExampleJsFromReadme();","            break;","        }","        // export local","        local.global.local = local;","    }());","","","","    // run shared js-env code - function","    (function () {","        return;","    }());","    switch (local.modeJs) {","","","","    // run browser js-env code - function","    case 'browser':","        break;","","","","    // run node js-env code - function","    case 'node':","        break;","    }","","","","    // run shared js-env code - post-init","    (function () {","        return;","    }());","    switch (local.modeJs) {","","","","    // run browser js-env code - post-init","    case 'browser':","        local.testCase_browser_nullCase = local.testCase_browser_nullCase || function (","            options,","            onError","        ) {","        /*","         * this function will test browsers's null-case handling-behavior-behavior","         */","            onError(null, options);","        };","","        // run tests","        local.nop(local.modeTest &&","            document.querySelector('#testRunButton1') &&","            document.querySelector('#testRunButton1').click());","        break;","","","","    // run node js-env code - post-init","    /* istanbul ignore next */","    case 'node':","        local.testCase_buildApidoc_default = local.testCase_buildApidoc_default || function (","            options,","            onError","        ) {","        /*","         * this function will test buildApidoc's default handling-behavior-behavior","         */","            options = { modulePathList: module.paths };","            local.buildApidoc(options, onError);","        };","","        local.testCase_buildApp_default = local.testCase_buildApp_default || function (","            options,","            onError","        ) {","        /*","         * this function will test buildApp's default handling-behavior-behavior","         */","            local.testCase_buildReadme_default(options, local.onErrorThrow);","            local.testCase_buildLib_default(options, local.onErrorThrow);","            local.testCase_buildTest_default(options, local.onErrorThrow);","            local.testCase_buildCustomOrg_default(options, local.onErrorThrow);","            options = [];","            local.buildApp(options, onError);","        };","","        local.testCase_buildCustomOrg_default = local.testCase_buildCustomOrg_default ||","            function (options, onError) {","            /*","             * this function will test buildCustomOrg's default handling-behavior","             */","                options = {};","                local.buildCustomOrg(options, onError);","            };","","        local.testCase_buildLib_default = local.testCase_buildLib_default || function (","            options,","            onError","        ) {","        /*","         * this function will test buildLib's default handling-behavior","         */","            options = {};","            local.buildLib(options, onError);","        };","","        local.testCase_buildReadme_default = local.testCase_buildReadme_default || function (","            options,","            onError","        ) {","        /*","         * this function will test buildReadme's default handling-behavior-behavior","         */","            options = {};","            local.buildReadme(options, onError);","        };","","        local.testCase_buildTest_default = local.testCase_buildTest_default || function (","            options,","            onError","        ) {","        /*","         * this function will test buildTest's default handling-behavior","         */","            options = {};","            local.buildTest(options, onError);","        };","","        local.testCase_webpage_default = local.testCase_webpage_default || function (","            options,","            onError","        ) {","        /*","         * this function will test webpage's default handling-behavior","         */","            options = { modeCoverageMerge: true, url: local.serverLocalHost + '?modeTest=1' };","            local.browserTest(options, onError);","        };","","        // run test-server","        local.testRunServer(local);","        break;","    }","}());",""],"l":{"12":2,"14":2,"19":2,"21":2,"23":2,"24":2,"25":2,"30":1,"37":2,"40":2,"43":1,"47":1,"50":1,"52":1,"55":2,"61":2,"62":2,"64":2,"70":1,"76":1,"82":2,"83":2,"85":2,"91":1,"98":1,"102":1,"105":1,"112":1,"119":1,"120":1,"123":1,"130":1,"131":1,"132":1,"133":1,"134":1,"135":1,"138":1,"143":2,"144":2,"147":1,"154":2,"155":2,"158":1,"165":2,"166":2,"169":1,"176":2,"177":2,"180":1,"187":1,"188":1,"192":1,"193":1}},"/home/travis/build/npmtest/node-npmtest-raven/lib.npmtest_raven.js":{"path":"/home/travis/build/npmtest/node-npmtest-raven/lib.npmtest_raven.js","s":{"1":2,"2":2,"3":2,"4":2,"5":2,"6":2,"7":2,"8":1,"9":2,"10":2,"11":2,"12":2,"13":1,"14":1,"15":1,"16":1},"b":{"1":[2,1,1,1],"2":[1,1,1,1],"3":[1,1],"4":[2,2],"5":[1,1]},"f":{"1":2,"2":2,"3":2},"fnMap":{"1":{"name":"(anonymous_1)","line":12,"loc":{"start":{"line":12,"column":1},"end":{"line":12,"column":13}}},"2":{"name":"(anonymous_2)","line":19,"loc":{"start":{"line":19,"column":5},"end":{"line":19,"column":17}}},"3":{"name":"(anonymous_3)","line":23,"loc":{"start":{"line":23,"column":24},"end":{"line":23,"column":36}}}},"statementMap":{"1":{"start":{"line":12,"column":0},"end":{"line":53,"column":5}},"2":{"start":{"line":14,"column":4},"end":{"line":14,"column":14}},"3":{"start":{"line":19,"column":4},"end":{"line":52,"column":9}},"4":{"start":{"line":21,"column":8},"end":{"line":21,"column":19}},"5":{"start":{"line":23,"column":8},"end":{"line":35,"column":13}},"6":{"start":{"line":24,"column":12},"end":{"line":34,"column":13}},"7":{"start":{"line":25,"column":16},"end":{"line":28,"column":30}},"8":{"start":{"line":30,"column":16},"end":{"line":33,"column":27}},"9":{"start":{"line":37,"column":8},"end":{"line":39,"column":21}},"10":{"start":{"line":41,"column":8},"end":{"line":41,"column":54}},"11":{"start":{"line":43,"column":8},"end":{"line":43,"column":50}},"12":{"start":{"line":45,"column":8},"end":{"line":51,"column":9}},"13":{"start":{"line":46,"column":12},"end":{"line":46,"column":56}},"14":{"start":{"line":48,"column":12},"end":{"line":48,"column":35}},"15":{"start":{"line":49,"column":12},"end":{"line":49,"column":49}},"16":{"start":{"line":50,"column":12},"end":{"line":50,"column":43}}},"branchMap":{"1":{"line":25,"type":"binary-expr","locations":[{"start":{"line":25,"column":23},"end":{"line":25,"column":62}},{"start":{"line":26,"column":20},"end":{"line":26,"column":70}},{"start":{"line":27,"column":20},"end":{"line":27,"column":71}},{"start":{"line":28,"column":20},"end":{"line":28,"column":29}}]},"2":{"line":30,"type":"binary-expr","locations":[{"start":{"line":30,"column":23},"end":{"line":30,"column":37}},{"start":{"line":31,"column":20},"end":{"line":31,"column":61}},{"start":{"line":32,"column":20},"end":{"line":32,"column":70}},{"start":{"line":33,"column":20},"end":{"line":33,"column":26}}]},"3":{"line":37,"type":"cond-expr","locations":[{"start":{"line":38,"column":14},"end":{"line":38,"column":20}},{"start":{"line":39,"column":14},"end":{"line":39,"column":20}}]},"4":{"line":41,"type":"binary-expr","locations":[{"start":{"line":41,"column":16},"end":{"line":41,"column":44}},{"start":{"line":41,"column":48},"end":{"line":41,"column":53}}]},"5":{"line":45,"type":"if","locations":[{"start":{"line":45,"column":8},"end":{"line":45,"column":8}},{"start":{"line":45,"column":8},"end":{"line":45,"column":8}}]}},"code":["/* istanbul instrument in package npmtest_raven */","/*jslint","    bitwise: true,","    browser: true,","    maxerr: 8,","    maxlen: 96,","    node: true,","    nomen: true,","    regexp: true,","    stupid: true","*/","(function () {","    'use strict';","    var local;","","","","    // run shared js-env code - pre-init","    (function () {","        // init local","        local = {};","        // init modeJs","        local.modeJs = (function () {","            try {","                return typeof navigator.userAgent === 'string' &&","                    typeof document.querySelector('body') === 'object' &&","                    typeof XMLHttpRequest.prototype.open === 'function' &&","                    'browser';","            } catch (errorCaughtBrowser) {","                return module.exports &&","                    typeof process.versions.node === 'string' &&","                    typeof require('http').createServer === 'function' &&","                    'node';","            }","        }());","        // init global","        local.global = local.modeJs === 'browser'","            ? window","            : global;","        // init utility2_rollup","        local = local.global.utility2_rollup || local;","        // init lib","        local.local = local.npmtest_raven = local;","        // init exports","        if (local.modeJs === 'browser') {","            local.global.utility2_npmtest_raven = local;","        } else {","            module.exports = local;","            module.exports.__dirname = __dirname;","            module.exports.module = module;","        }","    }());","}());",""],"l":{"12":2,"14":2,"19":2,"21":2,"23":2,"24":2,"25":2,"30":1,"37":2,"41":2,"43":2,"45":2,"46":1,"48":1,"49":1,"50":1}},"/home/travis/build/npmtest/node-npmtest-raven/example.js":{"path":"/home/travis/build/npmtest/node-npmtest-raven/example.js","s":{"1":2,"2":2,"3":2,"4":2,"5":2,"6":2,"7":2,"8":1,"9":2,"10":2,"11":2,"12":2,"13":1,"14":2,"15":2,"16":2,"17":2,"18":2,"19":0,"20":2,"21":1,"22":1,"23":1,"24":1,"25":1,"26":0,"27":0,"28":1,"29":1,"30":2,"31":0,"32":0,"33":0,"34":1,"35":2,"36":2,"37":3,"38":3,"39":3,"40":3,"41":0,"42":3,"43":3,"44":3,"45":1,"46":3,"47":1,"48":1,"49":1,"50":1,"51":1,"52":1,"53":1,"54":1,"55":1,"56":1,"57":0,"58":1,"59":6,"60":6,"61":1,"62":2,"63":0,"64":2,"65":1,"66":1,"67":0,"68":0,"69":0,"70":0,"71":0,"72":0,"73":0,"74":0,"75":0,"76":0,"77":0,"78":0,"79":0,"80":0,"81":0,"82":0,"83":0},"b":{"1":[2,1,1,1],"2":[1,1,1,1],"3":[1,1],"4":[2,2],"5":[1,1],"6":[1,1],"7":[2,0],"8":[2,1,1,1,1,1],"9":[0,2,0],"10":[1,1],"11":[2,1,1],"12":[1,0],"13":[0,2],"14":[2,0,0,0,0,0,0],"15":[0,3],"16":[3,0],"17":[1,1],"18":[0,1],"19":[1,2,0,2],"20":[1,0],"21":[1,1],"22":[0,0],"23":[0,0],"24":[0,0],"25":[0,0],"26":[0,0],"27":[0,0],"28":[0,0]},"f":{"1":2,"2":2,"3":2,"4":2,"5":2,"6":2,"7":3,"8":3,"9":3,"10":1,"11":6,"12":0},"fnMap":{"1":{"name":"(anonymous_1)","line":26,"loc":{"start":{"line":26,"column":1},"end":{"line":26,"column":13}}},"2":{"name":"(anonymous_2)","line":33,"loc":{"start":{"line":33,"column":5},"end":{"line":33,"column":17}}},"3":{"name":"(anonymous_3)","line":37,"loc":{"start":{"line":37,"column":24},"end":{"line":37,"column":36}}},"4":{"name":"(anonymous_4)","line":69,"loc":{"start":{"line":69,"column":31},"end":{"line":69,"column":48}},"skip":true},"5":{"name":"(anonymous_5)","line":78,"loc":{"start":{"line":78,"column":26},"end":{"line":78,"column":45}},"skip":true},"6":{"name":"(anonymous_6)","line":123,"loc":{"start":{"line":123,"column":33},"end":{"line":123,"column":48}},"skip":true},"7":{"name":"(anonymous_7)","line":125,"loc":{"start":{"line":125,"column":27},"end":{"line":125,"column":39}},"skip":true},"8":{"name":"(anonymous_8)","line":133,"loc":{"start":{"line":133,"column":59},"end":{"line":133,"column":74}},"skip":true},"9":{"name":"(anonymous_9)","line":143,"loc":{"start":{"line":143,"column":45},"end":{"line":143,"column":62}},"skip":true},"10":{"name":"(anonymous_10)","line":144,"loc":{"start":{"line":144,"column":73},"end":{"line":144,"column":92}},"skip":true},"11":{"name":"(anonymous_11)","line":272,"loc":{"start":{"line":272,"column":51},"end":{"line":272,"column":77}},"skip":true},"12":{"name":"(anonymous_12)","line":314,"loc":{"start":{"line":314,"column":32},"end":{"line":314,"column":61}},"skip":true}},"statementMap":{"1":{"start":{"line":26,"column":0},"end":{"line":325,"column":5}},"2":{"start":{"line":28,"column":4},"end":{"line":28,"column":14}},"3":{"start":{"line":33,"column":4},"end":{"line":60,"column":9}},"4":{"start":{"line":35,"column":8},"end":{"line":35,"column":19}},"5":{"start":{"line":37,"column":8},"end":{"line":49,"column":13}},"6":{"start":{"line":38,"column":12},"end":{"line":48,"column":13}},"7":{"start":{"line":39,"column":16},"end":{"line":42,"column":30}},"8":{"start":{"line":44,"column":16},"end":{"line":47,"column":27}},"9":{"start":{"line":51,"column":8},"end":{"line":53,"column":21}},"10":{"start":{"line":55,"column":8},"end":{"line":57,"column":45}},"11":{"start":{"line":59,"column":8},"end":{"line":59,"column":35}},"12":{"start":{"line":61,"column":4},"end":{"line":324,"column":5}},"13":{"start":{"line":69,"column":8},"end":{"line":121,"column":10},"skip":true},"14":{"start":{"line":70,"column":12},"end":{"line":88,"column":13},"skip":true},"15":{"start":{"line":76,"column":16},"end":{"line":87,"column":19},"skip":true},"16":{"start":{"line":79,"column":20},"end":{"line":86,"column":21},"skip":true},"17":{"start":{"line":82,"column":24},"end":{"line":82,"column":43},"skip":true},"18":{"start":{"line":83,"column":24},"end":{"line":83,"column":30},"skip":true},"19":{"start":{"line":85,"column":24},"end":{"line":85,"column":49},"skip":true},"20":{"start":{"line":89,"column":12},"end":{"line":107,"column":13},"skip":true},"21":{"start":{"line":92,"column":16},"end":{"line":102,"column":17},"skip":true},"22":{"start":{"line":93,"column":20},"end":{"line":93,"column":86},"skip":true},"23":{"start":{"line":94,"column":20},"end":{"line":95,"column":45},"skip":true},"24":{"start":{"line":96,"column":20},"end":{"line":96,"column":42},"skip":true},"25":{"start":{"line":97,"column":20},"end":{"line":97,"column":48},"skip":true},"26":{"start":{"line":100,"column":20},"end":{"line":100,"column":85},"skip":true},"27":{"start":{"line":101,"column":20},"end":{"line":101,"column":96},"skip":true},"28":{"start":{"line":103,"column":16},"end":{"line":103,"column":22},"skip":true},"29":{"start":{"line":106,"column":16},"end":{"line":106,"column":22},"skip":true},"30":{"start":{"line":108,"column":12},"end":{"line":120,"column":13},"skip":true},"31":{"start":{"line":114,"column":16},"end":{"line":119,"column":17},"skip":true},"32":{"start":{"line":116,"column":20},"end":{"line":116,"column":78},"skip":true},"33":{"start":{"line":118,"column":20},"end":{"line":118,"column":47},"skip":true},"34":{"start":{"line":123,"column":8},"end":{"line":141,"column":11},"skip":true},"35":{"start":{"line":124,"column":12},"end":{"line":124,"column":54},"skip":true},"36":{"start":{"line":125,"column":12},"end":{"line":140,"column":14},"skip":true},"37":{"start":{"line":126,"column":16},"end":{"line":126,"column":28},"skip":true},"38":{"start":{"line":127,"column":16},"end":{"line":127,"column":69},"skip":true},"39":{"start":{"line":128,"column":16},"end":{"line":128,"column":75},"skip":true},"40":{"start":{"line":129,"column":16},"end":{"line":131,"column":17},"skip":true},"41":{"start":{"line":130,"column":20},"end":{"line":130,"column":27},"skip":true},"42":{"start":{"line":133,"column":16},"end":{"line":137,"column":36},"skip":true},"43":{"start":{"line":134,"column":20},"end":{"line":136,"column":55},"skip":true},"44":{"start":{"line":139,"column":16},"end":{"line":139,"column":57},"skip":true},"45":{"start":{"line":143,"column":8},"end":{"line":147,"column":11},"skip":true},"46":{"start":{"line":144,"column":12},"end":{"line":146,"column":15},"skip":true},"47":{"start":{"line":145,"column":16},"end":{"line":145,"column":70},"skip":true},"48":{"start":{"line":149,"column":8},"end":{"line":149,"column":31},"skip":true},"49":{"start":{"line":150,"column":8},"end":{"line":150,"column":14},"skip":true},"50":{"start":{"line":158,"column":8},"end":{"line":158,"column":31},"skip":true},"51":{"start":{"line":160,"column":8},"end":{"line":160,"column":33},"skip":true},"52":{"start":{"line":161,"column":8},"end":{"line":161,"column":37},"skip":true},"53":{"start":{"line":162,"column":8},"end":{"line":162,"column":35},"skip":true},"54":{"start":{"line":164,"column":8},"end":{"line":164,"column":50},"skip":true},"55":{"start":{"line":166,"column":8},"end":{"line":256,"column":2},"skip":true},"56":{"start":{"line":258,"column":8},"end":{"line":286,"column":9},"skip":true},"57":{"start":{"line":259,"column":12},"end":{"line":269,"column":14},"skip":true},"58":{"start":{"line":271,"column":12},"end":{"line":285,"column":19},"skip":true},"59":{"start":{"line":274,"column":20},"end":{"line":274,"column":35},"skip":true},"60":{"start":{"line":275,"column":20},"end":{"line":284,"column":21},"skip":true},"61":{"start":{"line":277,"column":24},"end":{"line":277,"column":64},"skip":true},"62":{"start":{"line":279,"column":24},"end":{"line":279,"column":40},"skip":true},"63":{"start":{"line":281,"column":24},"end":{"line":281,"column":40},"skip":true},"64":{"start":{"line":283,"column":24},"end":{"line":283,"column":39},"skip":true},"65":{"start":{"line":288,"column":8},"end":{"line":290,"column":9},"skip":true},"66":{"start":{"line":289,"column":12},"end":{"line":289,"column":18},"skip":true},"67":{"start":{"line":291,"column":8},"end":{"line":293,"column":54},"skip":true},"68":{"start":{"line":294,"column":8},"end":{"line":301,"column":37},"skip":true},"69":{"start":{"line":302,"column":8},"end":{"line":302,"column":82},"skip":true},"70":{"start":{"line":305,"column":8},"end":{"line":307,"column":9},"skip":true},"71":{"start":{"line":306,"column":12},"end":{"line":306,"column":82},"skip":true},"72":{"start":{"line":309,"column":8},"end":{"line":311,"column":9},"skip":true},"73":{"start":{"line":310,"column":12},"end":{"line":310,"column":18},"skip":true},"74":{"start":{"line":312,"column":8},"end":{"line":312,"column":54},"skip":true},"75":{"start":{"line":313,"column":8},"end":{"line":313,"column":69},"skip":true},"76":{"start":{"line":314,"column":8},"end":{"line":322,"column":36},"skip":true},"77":{"start":{"line":315,"column":12},"end":{"line":315,"column":61},"skip":true},"78":{"start":{"line":316,"column":12},"end":{"line":319,"column":13},"skip":true},"79":{"start":{"line":317,"column":16},"end":{"line":317,"column":75},"skip":true},"80":{"start":{"line":318,"column":16},"end":{"line":318,"column":23},"skip":true},"81":{"start":{"line":320,"column":12},"end":{"line":320,"column":38},"skip":true},"82":{"start":{"line":321,"column":12},"end":{"line":321,"column":27},"skip":true},"83":{"start":{"line":323,"column":8},"end":{"line":323,"column":14},"skip":true}},"branchMap":{"1":{"line":39,"type":"binary-expr","locations":[{"start":{"line":39,"column":23},"end":{"line":39,"column":62}},{"start":{"line":40,"column":20},"end":{"line":40,"column":70}},{"start":{"line":41,"column":20},"end":{"line":41,"column":71}},{"start":{"line":42,"column":20},"end":{"line":42,"column":29}}]},"2":{"line":44,"type":"binary-expr","locations":[{"start":{"line":44,"column":23},"end":{"line":44,"column":37}},{"start":{"line":45,"column":20},"end":{"line":45,"column":61}},{"start":{"line":46,"column":20},"end":{"line":46,"column":70}},{"start":{"line":47,"column":20},"end":{"line":47,"column":26}}]},"3":{"line":51,"type":"cond-expr","locations":[{"start":{"line":52,"column":14},"end":{"line":52,"column":20}},{"start":{"line":53,"column":14},"end":{"line":53,"column":20}}]},"4":{"line":55,"type":"binary-expr","locations":[{"start":{"line":55,"column":16},"end":{"line":55,"column":44}},{"start":{"line":55,"column":49},"end":{"line":57,"column":43}}]},"5":{"line":55,"type":"cond-expr","locations":[{"start":{"line":56,"column":14},"end":{"line":56,"column":49}},{"start":{"line":57,"column":14},"end":{"line":57,"column":43}}]},"6":{"line":61,"type":"switch","locations":[{"start":{"line":68,"column":4},"end":{"line":150,"column":14},"skip":true},{"start":{"line":156,"column":4},"end":{"line":323,"column":14},"skip":true}]},"7":{"line":70,"type":"if","locations":[{"start":{"line":70,"column":12},"end":{"line":70,"column":12},"skip":true},{"start":{"line":70,"column":12},"end":{"line":70,"column":12},"skip":true}]},"8":{"line":70,"type":"binary-expr","locations":[{"start":{"line":70,"column":16},"end":{"line":70,"column":22},"skip":true},{"start":{"line":70,"column":27},"end":{"line":70,"column":32},"skip":true},{"start":{"line":71,"column":20},"end":{"line":71,"column":39},"skip":true},{"start":{"line":72,"column":20},"end":{"line":72,"column":49},"skip":true},{"start":{"line":73,"column":20},"end":{"line":73,"column":58},"skip":true},{"start":{"line":74,"column":20},"end":{"line":74,"column":69},"skip":true}]},"9":{"line":79,"type":"switch","locations":[{"start":{"line":80,"column":20},"end":{"line":80,"column":33},"skip":true},{"start":{"line":81,"column":20},"end":{"line":83,"column":30},"skip":true},{"start":{"line":84,"column":20},"end":{"line":85,"column":49},"skip":true}]},"10":{"line":89,"type":"switch","locations":[{"start":{"line":90,"column":12},"end":{"line":103,"column":22},"skip":true},{"start":{"line":105,"column":12},"end":{"line":106,"column":22},"skip":true}]},"11":{"line":89,"type":"binary-expr","locations":[{"start":{"line":89,"column":20},"end":{"line":89,"column":25},"skip":true},{"start":{"line":89,"column":29},"end":{"line":89,"column":48},"skip":true},{"start":{"line":89,"column":52},"end":{"line":89,"column":74},"skip":true}]},"12":{"line":92,"type":"if","locations":[{"start":{"line":92,"column":16},"end":{"line":92,"column":16},"skip":true},{"start":{"line":92,"column":16},"end":{"line":92,"column":16},"skip":true}]},"13":{"line":108,"type":"if","locations":[{"start":{"line":108,"column":12},"end":{"line":108,"column":12},"skip":true},{"start":{"line":108,"column":12},"end":{"line":108,"column":12},"skip":true}]},"14":{"line":108,"type":"binary-expr","locations":[{"start":{"line":108,"column":16},"end":{"line":108,"column":61},"skip":true},{"start":{"line":108,"column":66},"end":{"line":108,"column":72},"skip":true},{"start":{"line":108,"column":77},"end":{"line":108,"column":82},"skip":true},{"start":{"line":109,"column":20},"end":{"line":109,"column":39},"skip":true},{"start":{"line":110,"column":20},"end":{"line":110,"column":49},"skip":true},{"start":{"line":111,"column":20},"end":{"line":111,"column":58},"skip":true},{"start":{"line":112,"column":20},"end":{"line":112,"column":68},"skip":true}]},"15":{"line":129,"type":"if","locations":[{"start":{"line":129,"column":16},"end":{"line":129,"column":16},"skip":true},{"start":{"line":129,"column":16},"end":{"line":129,"column":16},"skip":true}]},"16":{"line":134,"type":"cond-expr","locations":[{"start":{"line":135,"column":26},"end":{"line":135,"column":29},"skip":true},{"start":{"line":136,"column":26},"end":{"line":136,"column":54},"skip":true}]},"17":{"line":164,"type":"binary-expr","locations":[{"start":{"line":164,"column":27},"end":{"line":164,"column":43},"skip":true},{"start":{"line":164,"column":47},"end":{"line":164,"column":49},"skip":true}]},"18":{"line":258,"type":"if","locations":[{"start":{"line":258,"column":8},"end":{"line":258,"column":8},"skip":true},{"start":{"line":258,"column":8},"end":{"line":258,"column":8},"skip":true}]},"19":{"line":275,"type":"switch","locations":[{"start":{"line":276,"column":20},"end":{"line":277,"column":64},"skip":true},{"start":{"line":278,"column":20},"end":{"line":279,"column":40},"skip":true},{"start":{"line":280,"column":20},"end":{"line":281,"column":40},"skip":true},{"start":{"line":282,"column":20},"end":{"line":283,"column":39},"skip":true}]},"20":{"line":288,"type":"if","locations":[{"start":{"line":288,"column":8},"end":{"line":288,"column":8},"skip":true},{"start":{"line":288,"column":8},"end":{"line":288,"column":8},"skip":true}]},"21":{"line":288,"type":"binary-expr","locations":[{"start":{"line":288,"column":12},"end":{"line":288,"column":40},"skip":true},{"start":{"line":288,"column":44},"end":{"line":288,"column":67},"skip":true}]},"22":{"line":292,"type":"binary-expr","locations":[{"start":{"line":292,"column":12},"end":{"line":292,"column":50},"skip":true},{"start":{"line":293,"column":12},"end":{"line":293,"column":53},"skip":true}]},"23":{"line":295,"type":"binary-expr","locations":[{"start":{"line":295,"column":12},"end":{"line":295,"column":63},"skip":true},{"start":{"line":296,"column":12},"end":{"line":301,"column":36},"skip":true}]},"24":{"line":302,"type":"binary-expr","locations":[{"start":{"line":302,"column":43},"end":{"line":302,"column":75},"skip":true},{"start":{"line":302,"column":79},"end":{"line":302,"column":81},"skip":true}]},"25":{"line":305,"type":"if","locations":[{"start":{"line":305,"column":8},"end":{"line":305,"column":8},"skip":true},{"start":{"line":305,"column":8},"end":{"line":305,"column":8},"skip":true}]},"26":{"line":309,"type":"if","locations":[{"start":{"line":309,"column":8},"end":{"line":309,"column":8},"skip":true},{"start":{"line":309,"column":8},"end":{"line":309,"column":8},"skip":true}]},"27":{"line":312,"type":"binary-expr","locations":[{"start":{"line":312,"column":27},"end":{"line":312,"column":43},"skip":true},{"start":{"line":312,"column":47},"end":{"line":312,"column":53},"skip":true}]},"28":{"line":316,"type":"if","locations":[{"start":{"line":316,"column":12},"end":{"line":316,"column":12},"skip":true},{"start":{"line":316,"column":12},"end":{"line":316,"column":12},"skip":true}]}},"code":["/*","example.js","","quickstart example","","instruction","    1. save this script as example.js","    2. run the shell command:","        $ npm install npmtest-raven && PORT=8081 node example.js","    3. play with the browser-demo on http://127.0.0.1:8081","*/","","","","/* istanbul instrument in package npmtest_raven */","/*jslint","    bitwise: true,","    browser: true,","    maxerr: 8,","    maxlen: 96,","    node: true,","    nomen: true,","    regexp: true,","    stupid: true","*/","(function () {","    'use strict';","    var local;","","","","    // run shared js-env code - pre-init","    (function () {","        // init local","        local = {};","        // init modeJs","        local.modeJs = (function () {","            try {","                return typeof navigator.userAgent === 'string' &&","                    typeof document.querySelector('body') === 'object' &&","                    typeof XMLHttpRequest.prototype.open === 'function' &&","                    'browser';","            } catch (errorCaughtBrowser) {","                return module.exports &&","                    typeof process.versions.node === 'string' &&","                    typeof require('http').createServer === 'function' &&","                    'node';","            }","        }());","        // init global","        local.global = local.modeJs === 'browser'","            ? window","            : global;","        // init utility2_rollup","        local = local.global.utility2_rollup || (local.modeJs === 'browser'","            ? local.global.utility2_npmtest_raven","            : global.utility2_moduleExports);","        // export local","        local.global.local = local;","    }());","    switch (local.modeJs) {","","","","    // post-init","    // run browser js-env code - post-init","    /* istanbul ignore next */","    case 'browser':","        local.testRunBrowser = function (event) {","            if (!event || (event &&","                    event.currentTarget &&","                    event.currentTarget.className &&","                    event.currentTarget.className.includes &&","                    event.currentTarget.className.includes('onreset'))) {","                // reset output","                Array.from(","                    document.querySelectorAll('body > .resettable')","                ).forEach(function (element) {","                    switch (element.tagName) {","                    case 'INPUT':","                    case 'TEXTAREA':","                        element.value = '';","                        break;","                    default:","                        element.textContent = '';","                    }","                });","            }","            switch (event && event.currentTarget && event.currentTarget.id) {","            case 'testRunButton1':","                // show tests","                if (document.querySelector('#testReportDiv1').style.display === 'none') {","                    document.querySelector('#testReportDiv1').style.display = 'block';","                    document.querySelector('#testRunButton1').textContent =","                        'hide internal test';","                    local.modeTest = true;","                    local.testRunDefault(local);","                // hide tests","                } else {","                    document.querySelector('#testReportDiv1').style.display = 'none';","                    document.querySelector('#testRunButton1').textContent = 'run internal test';","                }","                break;","            // custom-case","            default:","                break;","            }","            if (document.querySelector('#inputTextareaEval1') && (!event || (event &&","                    event.currentTarget &&","                    event.currentTarget.className &&","                    event.currentTarget.className.includes &&","                    event.currentTarget.className.includes('oneval')))) {","                // try to eval input-code","                try {","                    /*jslint evil: true*/","                    eval(document.querySelector('#inputTextareaEval1').value);","                } catch (errorCaught) {","                    console.error(errorCaught);","                }","            }","        };","        // log stderr and stdout to #outputTextareaStdout1","        ['error', 'log'].forEach(function (key) {","            console[key + '_original'] = console[key];","            console[key] = function () {","                var element;","                console[key + '_original'].apply(console, arguments);","                element = document.querySelector('#outputTextareaStdout1');","                if (!element) {","                    return;","                }","                // append text to #outputTextareaStdout1","                element.value += Array.from(arguments).map(function (arg) {","                    return typeof arg === 'string'","                        ? arg","                        : JSON.stringify(arg, null, 4);","                }).join(' ') + '\\n';","                // scroll textarea to bottom","                element.scrollTop = element.scrollHeight;","            };","        });","        // init event-handling","        ['change', 'click', 'keyup'].forEach(function (event) {","            Array.from(document.querySelectorAll('.on' + event)).forEach(function (element) {","                element.addEventListener(event, local.testRunBrowser);","            });","        });","        // run tests","        local.testRunBrowser();","        break;","","","","    // run node js-env code - post-init","    /* istanbul ignore next */","    case 'node':","        // export local","        module.exports = local;","        // require modules","        local.fs = require('fs');","        local.http = require('http');","        local.url = require('url');","        // init assets","        local.assetsDict = local.assetsDict || {};","        /* jslint-ignore-begin */","        local.assetsDict['/assets.index.template.html'] = '\\","<!doctype html>\\n\\","<html lang=\"en\">\\n\\","<head>\\n\\","<meta charset=\"UTF-8\">\\n\\","<meta name=\"viewport\" content=\"width=device-width, initial-scale=1\">\\n\\","<title>{{env.npm_package_name}} (v{{env.npm_package_version}})</title>\\n\\","<style>\\n\\","/*csslint\\n\\","    box-sizing: false,\\n\\","    universal-selector: false\\n\\","*/\\n\\","* {\\n\\","    box-sizing: border-box;\\n\\","}\\n\\","body {\\n\\","    background: #dde;\\n\\","    font-family: Arial, Helvetica, sans-serif;\\n\\","    margin: 2rem;\\n\\","}\\n\\","body > * {\\n\\","    margin-bottom: 1rem;\\n\\","}\\n\\",".utility2FooterDiv {\\n\\","    margin-top: 20px;\\n\\","    text-align: center;\\n\\","}\\n\\","</style>\\n\\","<style>\\n\\","/*csslint\\n\\","*/\\n\\","textarea {\\n\\","    font-family: monospace;\\n\\","    height: 10rem;\\n\\","    width: 100%;\\n\\","}\\n\\","textarea[readonly] {\\n\\","    background: #ddd;\\n\\","}\\n\\","</style>\\n\\","</head>\\n\\","<body>\\n\\","<!-- utility2-comment\\n\\","<div id=\"ajaxProgressDiv1\" style=\"background: #d00; height: 2px; left: 0; margin: 0; padding: 0; position: fixed; top: 0; transition: background 0.5s, width 1.5s; width: 25%;\"></div>\\n\\","utility2-comment -->\\n\\","<h1>\\n\\","<!-- utility2-comment\\n\\","    <a\\n\\","        {{#if env.npm_package_homepage}}\\n\\","        href=\"{{env.npm_package_homepage}}\"\\n\\","        {{/if env.npm_package_homepage}}\\n\\","        target=\"_blank\"\\n\\","    >\\n\\","utility2-comment -->\\n\\","        {{env.npm_package_name}} (v{{env.npm_package_version}})\\n\\","<!-- utility2-comment\\n\\","    </a>\\n\\","utility2-comment -->\\n\\","</h1>\\n\\","<h3>{{env.npm_package_description}}</h3>\\n\\","<!-- utility2-comment\\n\\","<h4><a download href=\"assets.app.js\">download standalone app</a></h4>\\n\\","<button class=\"onclick onreset\" id=\"testRunButton1\">run internal test</button><br>\\n\\","<div id=\"testReportDiv1\" style=\"display: none;\"></div>\\n\\","utility2-comment -->\\n\\","\\n\\","\\n\\","\\n\\","<label>stderr and stdout</label>\\n\\","<textarea class=\"resettable\" id=\"outputTextareaStdout1\" readonly></textarea>\\n\\","<!-- utility2-comment\\n\\","{{#if isRollup}}\\n\\","<script src=\"assets.app.js\"></script>\\n\\","{{#unless isRollup}}\\n\\","utility2-comment -->\\n\\","<script src=\"assets.utility2.rollup.js\"></script>\\n\\","<script src=\"jsonp.utility2._stateInit?callback=window.utility2._stateInit\"></script>\\n\\","<script src=\"assets.npmtest_raven.rollup.js\"></script>\\n\\","<script src=\"assets.example.js\"></script>\\n\\","<script src=\"assets.test.js\"></script>\\n\\","<!-- utility2-comment\\n\\","{{/if isRollup}}\\n\\","utility2-comment -->\\n\\","<div class=\"utility2FooterDiv\">\\n\\","    [ this app was created with\\n\\","    <a href=\"https://github.com/kaizhu256/node-utility2\" target=\"_blank\">utility2</a>\\n\\","    ]\\n\\","</div>\\n\\","</body>\\n\\","</html>\\n\\","';","        /* jslint-ignore-end */","        if (local.templateRender) {","            local.assetsDict['/'] = local.templateRender(","                local.assetsDict['/assets.index.template.html'],","                {","                    env: local.objectSetDefault(local.env, {","                        npm_package_description: 'the greatest app in the world!',","                        npm_package_name: 'my-app',","                        npm_package_nameAlias: 'my_app',","                        npm_package_version: '0.0.1'","                    })","                }","            );","        } else {","            local.assetsDict['/'] = local.assetsDict['/assets.index.template.html']","                .replace((/\\{\\{env\\.(\\w+?)\\}\\}/g), function (match0, match1) {","                    // jslint-hack","                    String(match0);","                    switch (match1) {","                    case 'npm_package_description':","                        return 'the greatest app in the world!';","                    case 'npm_package_name':","                        return 'my-app';","                    case 'npm_package_nameAlias':","                        return 'my_app';","                    case 'npm_package_version':","                        return '0.0.1';","                    }","                });","        }","        // run the cli","        if (local.global.utility2_rollup || module !== require.main) {","            break;","        }","        local.assetsDict['/assets.example.js'] =","            local.assetsDict['/assets.example.js'] ||","            local.fs.readFileSync(__filename, 'utf8');","        local.assetsDict['/assets.npmtest_raven.rollup.js'] =","            local.assetsDict['/assets.npmtest_raven.rollup.js'] ||","            local.fs.readFileSync(","                // buildCustomOrg-hack","                local.npmtest_raven.__dirname +","                    '/lib.npmtest_raven.js',","                'utf8'","            ).replace((/^#!/), '//');","        local.assetsDict['/favicon.ico'] = local.assetsDict['/favicon.ico'] || '';","        // if $npm_config_timeout_exit exists,","        // then exit this process after $npm_config_timeout_exit ms","        if (Number(process.env.npm_config_timeout_exit)) {","            setTimeout(process.exit, Number(process.env.npm_config_timeout_exit));","        }","        // start server","        if (local.global.utility2_serverHttp1) {","            break;","        }","        process.env.PORT = process.env.PORT || '8081';","        console.error('server starting on port ' + process.env.PORT);","        local.http.createServer(function (request, response) {","            request.urlParsed = local.url.parse(request.url);","            if (local.assetsDict[request.urlParsed.pathname] !== undefined) {","                response.end(local.assetsDict[request.urlParsed.pathname]);","                return;","            }","            response.statusCode = 404;","            response.end();","        }).listen(process.env.PORT);","        break;","    }","}());",""],"l":{"26":2,"28":2,"33":2,"35":2,"37":2,"38":2,"39":2,"44":1,"51":2,"55":2,"59":2,"61":2,"69":1,"70":2,"76":2,"79":2,"82":2,"83":2,"85":1,"89":2,"92":1,"93":1,"94":1,"96":1,"97":1,"100":1,"101":1,"103":1,"106":1,"108":2,"114":1,"116":1,"118":1,"123":1,"124":2,"125":2,"126":3,"127":3,"128":3,"129":3,"130":1,"133":3,"134":3,"139":3,"143":1,"144":3,"145":1,"149":1,"150":1,"158":1,"160":1,"161":1,"162":1,"164":1,"166":1,"258":1,"259":1,"271":1,"274":6,"275":6,"277":1,"279":2,"281":1,"283":2,"288":1,"289":1,"291":1,"294":1,"302":1,"305":1,"306":1,"309":1,"310":1,"312":1,"313":1,"314":1,"315":1,"316":1,"317":1,"318":1,"320":1,"321":1,"323":1}},"/home/travis/build/npmtest/node-npmtest-raven/node_modules/raven/index.js":{"path":"/home/travis/build/npmtest/node-npmtest-raven/node_modules/raven/index.js","s":{"1":1,"2":1,"3":1,"4":1,"5":1,"6":1,"7":1},"b":{},"f":{},"fnMap":{},"statementMap":{"1":{"start":{"line":3,"column":0},"end":{"line":3,"column":41}},"2":{"start":{"line":4,"column":0},"end":{"line":4,"column":46}},"3":{"start":{"line":5,"column":0},"end":{"line":7,"column":2}},"4":{"start":{"line":9,"column":0},"end":{"line":9,"column":70}},"5":{"start":{"line":10,"column":0},"end":{"line":10,"column":56}},"6":{"start":{"line":11,"column":0},"end":{"line":11,"column":50}},"7":{"start":{"line":14,"column":0},"end":{"line":14,"column":33}}},"branchMap":{},"code":["'use strict';","","module.exports = require('./lib/client');","module.exports.utils = require('./lib/utils');","module.exports.middleware = {","  connect: require('./lib/middleware/connect')","};","// friendly alias for \"raven.middleware.express\"","module.exports.middleware.express = module.exports.middleware.connect;","module.exports.transports = require('./lib/transports');","module.exports.parsers = require('./lib/parsers');","","// To infinity and beyond","Error.stackTraceLimit = Infinity;",""],"l":{"3":1,"4":1,"5":1,"9":1,"10":1,"11":1,"14":1}},"/home/travis/build/npmtest/node-npmtest-raven/node_modules/raven/lib/client.js":{"path":"/home/travis/build/npmtest/node-npmtest-raven/node_modules/raven/lib/client.js","s":{"1":1,"2":1,"3":1,"4":1,"5":1,"6":1,"7":1,"8":1,"9":1,"10":1,"11":1,"12":1,"13":1,"14":1,"15":1,"16":0,"17":0,"18":0,"19":0,"20":0,"21":0,"22":0,"23":0,"24":0,"25":0,"26":0,"27":0,"28":0,"29":0,"30":0,"31":0,"32":0,"33":0,"34":0,"35":0,"36":0,"37":0,"38":0,"39":0,"40":0,"41":0,"42":0,"43":0,"44":0,"45":0,"46":0,"47":0,"48":0,"49":0,"50":0,"51":0,"52":0,"53":0,"54":0,"55":0,"56":0,"57":0,"58":0,"59":0,"60":0,"61":0,"62":0,"63":0,"64":0,"65":0,"66":0,"67":0,"68":0,"69":0,"70":0,"71":0,"72":0,"73":0,"74":0,"75":0,"76":0,"77":0,"78":0,"79":0,"80":0,"81":0,"82":0,"83":0,"84":0,"85":0,"86":0,"87":0,"88":0,"89":0,"90":0,"91":0,"92":0,"93":0,"94":0,"95":0,"96":0,"97":0,"98":0,"99":0,"100":0,"101":0,"102":0,"103":0,"104":0,"105":0,"106":0,"107":0,"108":0,"109":0,"110":0,"111":0,"112":0,"113":0,"114":0,"115":0,"116":0,"117":0,"118":0,"119":0,"120":0,"121":0,"122":0,"123":0,"124":0,"125":0,"126":0,"127":0,"128":0,"129":0,"130":0,"131":0,"132":0,"133":0,"134":0,"135":0,"136":0,"137":0,"138":0,"139":0,"140":0,"141":0,"142":0,"143":0,"144":0,"145":0,"146":0,"147":0,"148":0,"149":0,"150":0,"151":0,"152":0,"153":0,"154":0,"155":0,"156":0,"157":0,"158":0,"159":0,"160":0,"161":0,"162":0,"163":0,"164":0,"165":0,"166":0,"167":0,"168":0,"169":0,"170":0,"171":0,"172":0,"173":0,"174":0,"175":0,"176":0,"177":0,"178":0,"179":0,"180":0,"181":0,"182":0,"183":0,"184":0,"185":0,"186":0,"187":0,"188":0,"189":0,"190":0,"191":0,"192":0,"193":0,"194":0,"195":0,"196":0,"197":0,"198":0,"199":0,"200":0,"201":0,"202":0,"203":0,"204":0,"205":0,"206":0,"207":0,"208":0,"209":0,"210":0,"211":0,"212":0,"213":0,"214":0,"215":0,"216":0,"217":0,"218":0,"219":0,"220":0,"221":0,"222":0,"223":1,"224":0,"225":0,"226":0,"227":0,"228":0,"229":0,"230":0,"231":0,"232":0,"233":0,"234":0,"235":0,"236":0,"237":0,"238":0,"239":1,"240":1,"241":0,"242":0,"243":0,"244":0,"245":1,"246":1,"247":1,"248":1,"249":1,"250":1,"251":1,"252":1,"253":0,"254":0,"255":0,"256":0,"257":0,"258":0,"259":0,"260":0,"261":0,"262":0,"263":0,"264":0,"265":0,"266":0,"267":0,"268":0,"269":0,"270":0,"271":1,"272":0,"273":0,"274":0,"275":0,"276":1,"277":0,"278":0,"279":0,"280":0,"281":0,"282":0,"283":0},"b":{"1":[0,0],"2":[0,0,0],"3":[0,0],"4":[0,0],"5":[0,0],"6":[0,0,0],"7":[0,0],"8":[0,0],"9":[0,0,0],"10":[0,0,0],"11":[0,0],"12":[0,0],"13":[0,0],"14":[0,0],"15":[0,0],"16":[0,0],"17":[0,0],"18":[0,0],"19":[0,0],"20":[0,0],"21":[0,0],"22":[0,0],"23":[0,0],"24":[0,0],"25":[0,0],"26":[0,0],"27":[0,0],"28":[0,0],"29":[0,0],"30":[0,0,0],"31":[0,0,0],"32":[0,0],"33":[0,0],"34":[0,0],"35":[0,0],"36":[0,0],"37":[0,0],"38":[0,0],"39":[0,0],"40":[0,0],"41":[0,0],"42":[0,0],"43":[0,0],"44":[0,0],"45":[0,0],"46":[0,0],"47":[0,0],"48":[0,0],"49":[0,0],"50":[0,0],"51":[0,0],"52":[0,0],"53":[0,0],"54":[0,0],"55":[0,0],"56":[0,0],"57":[0,0],"58":[0,0],"59":[0,0],"60":[0,0],"61":[0,0],"62":[0,0],"63":[0,0],"64":[0,0],"65":[0,0,0,0],"66":[0,0],"67":[0,0],"68":[0,0],"69":[0,0],"70":[0,0],"71":[0,0],"72":[0,0],"73":[0,0],"74":[0,0],"75":[0,0],"76":[0,0]},"f":{"1":1,"2":0,"3":0,"4":0,"5":0,"6":0,"7":0,"8":0,"9":0,"10":0,"11":0,"12":0,"13":0,"14":0,"15":0,"16":0,"17":0,"18":0,"19":0,"20":0,"21":0,"22":0,"23":0,"24":0,"25":0,"26":0,"27":0,"28":0,"29":0,"30":0,"31":0,"32":0,"33":0,"34":0,"35":0,"36":0,"37":0,"38":0,"39":0,"40":0,"41":0,"42":0,"43":0,"44":0,"45":0,"46":0,"47":0},"fnMap":{"1":{"name":"Raven","line":16,"loc":{"start":{"line":16,"column":0},"end":{"line":16,"column":17}}},"2":{"name":"config","line":25,"loc":{"start":{"line":25,"column":10},"end":{"line":25,"column":40}}},"3":{"name":"(anonymous_3)","line":102,"loc":{"start":{"line":102,"column":21},"end":{"line":102,"column":36}}},"4":{"name":"install","line":109,"loc":{"start":{"line":109,"column":11},"end":{"line":109,"column":38}}},"5":{"name":"uninstall","line":132,"loc":{"start":{"line":132,"column":13},"end":{"line":132,"column":34}}},"6":{"name":"generateEventId","line":146,"loc":{"start":{"line":146,"column":19},"end":{"line":146,"column":46}}},"7":{"name":"process","line":150,"loc":{"start":{"line":150,"column":11},"end":{"line":150,"column":49}}},"8":{"name":"(anonymous_8)","line":200,"loc":{"start":{"line":200,"column":23},"end":{"line":200,"column":35}}},"9":{"name":"send","line":206,"loc":{"start":{"line":206,"column":8},"end":{"line":206,"column":34}}},"10":{"name":"(anonymous_10)","line":211,"loc":{"start":{"line":211,"column":26},"end":{"line":211,"column":47}}},"11":{"name":"captureMessage","line":224,"loc":{"start":{"line":224,"column":18},"end":{"line":224,"column":63}}},"12":{"name":"captureException","line":237,"loc":{"start":{"line":237,"column":20},"end":{"line":237,"column":63}}},"13":{"name":"(anonymous_13)","line":254,"loc":{"start":{"line":254,"column":36},"end":{"line":254,"column":50}}},"14":{"name":"(anonymous_14)","line":266,"loc":{"start":{"line":266,"column":11},"end":{"line":266,"column":39}}},"15":{"name":"(anonymous_15)","line":278,"loc":{"start":{"line":278,"column":8},"end":{"line":278,"column":40}}},"16":{"name":"(anonymous_16)","line":290,"loc":{"start":{"line":290,"column":14},"end":{"line":290,"column":29}}},"17":{"name":"(anonymous_17)","line":312,"loc":{"start":{"line":312,"column":16},"end":{"line":312,"column":41}}},"18":{"name":"(anonymous_18)","line":318,"loc":{"start":{"line":318,"column":18},"end":{"line":318,"column":30}}},"19":{"name":"setContext","line":340,"loc":{"start":{"line":340,"column":14},"end":{"line":340,"column":39}}},"20":{"name":"mergeContext","line":349,"loc":{"start":{"line":349,"column":16},"end":{"line":349,"column":43}}},"21":{"name":"getContext","line":354,"loc":{"start":{"line":354,"column":14},"end":{"line":354,"column":36}}},"22":{"name":"(anonymous_22)","line":365,"loc":{"start":{"line":365,"column":21},"end":{"line":365,"column":55}}},"23":{"name":"(anonymous_23)","line":368,"loc":{"start":{"line":368,"column":27},"end":{"line":368,"column":43}}},"24":{"name":"(anonymous_24)","line":385,"loc":{"start":{"line":385,"column":19},"end":{"line":385,"column":39}}},"25":{"name":"(anonymous_25)","line":396,"loc":{"start":{"line":396,"column":25},"end":{"line":396,"column":45}}},"26":{"name":"(anonymous_26)","line":400,"loc":{"start":{"line":400,"column":18},"end":{"line":400,"column":30}}},"27":{"name":"(anonymous_27)","line":402,"loc":{"start":{"line":402,"column":11},"end":{"line":402,"column":37}}},"28":{"name":"(anonymous_28)","line":403,"loc":{"start":{"line":403,"column":23},"end":{"line":403,"column":35}}},"29":{"name":"(anonymous_29)","line":411,"loc":{"start":{"line":411,"column":16},"end":{"line":411,"column":28}}},"30":{"name":"(anonymous_30)","line":413,"loc":{"start":{"line":413,"column":11},"end":{"line":413,"column":42}}},"31":{"name":"(anonymous_31)","line":426,"loc":{"start":{"line":426,"column":21},"end":{"line":426,"column":43}}},"32":{"name":"getIdent","line":447,"loc":{"start":{"line":447,"column":12},"end":{"line":447,"column":38}}},"33":{"name":"captureError","line":451,"loc":{"start":{"line":451,"column":16},"end":{"line":451,"column":40}}},"34":{"name":"captureQuery","line":455,"loc":{"start":{"line":455,"column":16},"end":{"line":455,"column":40}}},"35":{"name":"(anonymous_35)","line":459,"loc":{"start":{"line":459,"column":15},"end":{"line":459,"column":29}}},"36":{"name":"setUserContext","line":464,"loc":{"start":{"line":464,"column":18},"end":{"line":464,"column":44}}},"37":{"name":"setExtraContext","line":468,"loc":{"start":{"line":468,"column":19},"end":{"line":468,"column":46}}},"38":{"name":"setTagsContext","line":472,"loc":{"start":{"line":472,"column":18},"end":{"line":472,"column":44}}},"39":{"name":"Client","line":480,"loc":{"start":{"line":480,"column":0},"end":{"line":480,"column":30}}},"40":{"name":"registerExceptionHandler","line":497,"loc":{"start":{"line":497,"column":0},"end":{"line":497,"column":46}}},"41":{"name":"(anonymous_41)","line":499,"loc":{"start":{"line":499,"column":34},"end":{"line":499,"column":49}}},"42":{"name":"onLogged","line":501,"loc":{"start":{"line":501,"column":21},"end":{"line":501,"column":41}}},"43":{"name":"onError","line":506,"loc":{"start":{"line":506,"column":20},"end":{"line":506,"column":39}}},"44":{"name":"registerRejectionHandler","line":528,"loc":{"start":{"line":528,"column":0},"end":{"line":528,"column":46}}},"45":{"name":"(anonymous_45)","line":529,"loc":{"start":{"line":529,"column":35},"end":{"line":529,"column":53}}},"46":{"name":"(anonymous_46)","line":530,"loc":{"start":{"line":530,"column":50},"end":{"line":530,"column":69}}},"47":{"name":"patchGlobal","line":537,"loc":{"start":{"line":537,"column":0},"end":{"line":537,"column":33}}}},"statementMap":{"1":{"start":{"line":3,"column":0},"end":{"line":3,"column":47}},"2":{"start":{"line":4,"column":0},"end":{"line":4,"column":35}},"3":{"start":{"line":5,"column":0},"end":{"line":5,"column":27}},"4":{"start":{"line":6,"column":0},"end":{"line":6,"column":31}},"5":{"start":{"line":7,"column":0},"end":{"line":7,"column":27}},"6":{"start":{"line":8,"column":0},"end":{"line":8,"column":41}},"7":{"start":{"line":9,"column":0},"end":{"line":9,"column":31}},"8":{"start":{"line":10,"column":0},"end":{"line":10,"column":31}},"9":{"start":{"line":11,"column":0},"end":{"line":11,"column":31}},"10":{"start":{"line":12,"column":0},"end":{"line":12,"column":47}},"11":{"start":{"line":14,"column":0},"end":{"line":14,"column":26}},"12":{"start":{"line":16,"column":0},"end":{"line":20,"column":1}},"13":{"start":{"line":17,"column":2},"end":{"line":19,"column":4}},"14":{"start":{"line":22,"column":0},"end":{"line":22,"column":46}},"15":{"start":{"line":24,"column":0},"end":{"line":443,"column":3}},"16":{"start":{"line":27,"column":4},"end":{"line":29,"column":5}},"17":{"start":{"line":28,"column":6},"end":{"line":28,"column":166}},"18":{"start":{"line":31,"column":4},"end":{"line":35,"column":5}},"19":{"start":{"line":33,"column":6},"end":{"line":33,"column":35}},"20":{"start":{"line":34,"column":6},"end":{"line":34,"column":19}},"21":{"start":{"line":36,"column":4},"end":{"line":40,"column":5}},"22":{"start":{"line":38,"column":6},"end":{"line":38,"column":20}},"23":{"start":{"line":39,"column":6},"end":{"line":39,"column":35}},"24":{"start":{"line":41,"column":4},"end":{"line":41,"column":28}},"25":{"start":{"line":43,"column":4},"end":{"line":43,"column":23}},"26":{"start":{"line":44,"column":4},"end":{"line":44,"column":35}},"27":{"start":{"line":45,"column":4},"end":{"line":45,"column":84}},"28":{"start":{"line":46,"column":4},"end":{"line":46,"column":46}},"29":{"start":{"line":47,"column":4},"end":{"line":47,"column":72}},"30":{"start":{"line":48,"column":4},"end":{"line":48,"column":71}},"31":{"start":{"line":49,"column":4},"end":{"line":49,"column":83}},"32":{"start":{"line":55,"column":4},"end":{"line":59,"column":6}},"33":{"start":{"line":61,"column":4},"end":{"line":61,"column":83}},"34":{"start":{"line":62,"column":4},"end":{"line":62,"column":62}},"35":{"start":{"line":63,"column":4},"end":{"line":73,"column":5}},"36":{"start":{"line":64,"column":6},"end":{"line":72,"column":7}},"37":{"start":{"line":65,"column":8},"end":{"line":71,"column":9}},"38":{"start":{"line":66,"column":10},"end":{"line":70,"column":11}},"39":{"start":{"line":67,"column":12},"end":{"line":67,"column":64}},"40":{"start":{"line":68,"column":17},"end":{"line":70,"column":11}},"41":{"start":{"line":69,"column":12},"end":{"line":69,"column":69}},"42":{"start":{"line":75,"column":4},"end":{"line":75,"column":73}},"43":{"start":{"line":76,"column":4},"end":{"line":76,"column":43}},"44":{"start":{"line":77,"column":4},"end":{"line":77,"column":45}},"45":{"start":{"line":78,"column":4},"end":{"line":78,"column":57}},"46":{"start":{"line":79,"column":4},"end":{"line":79,"column":89}},"47":{"start":{"line":80,"column":4},"end":{"line":80,"column":39}},"48":{"start":{"line":82,"column":4},"end":{"line":84,"column":5}},"49":{"start":{"line":83,"column":6},"end":{"line":83,"column":70}},"50":{"start":{"line":86,"column":4},"end":{"line":89,"column":5}},"51":{"start":{"line":88,"column":6},"end":{"line":88,"column":35}},"52":{"start":{"line":92,"column":4},"end":{"line":92,"column":31}},"53":{"start":{"line":94,"column":4},"end":{"line":94,"column":49}},"54":{"start":{"line":95,"column":4},"end":{"line":97,"column":5}},"55":{"start":{"line":96,"column":6},"end":{"line":96,"column":40}},"56":{"start":{"line":98,"column":4},"end":{"line":100,"column":5}},"57":{"start":{"line":99,"column":6},"end":{"line":99,"column":42}},"58":{"start":{"line":102,"column":4},"end":{"line":104,"column":7}},"59":{"start":{"line":103,"column":6},"end":{"line":103,"column":79}},"60":{"start":{"line":106,"column":4},"end":{"line":106,"column":16}},"61":{"start":{"line":110,"column":4},"end":{"line":110,"column":36}},"62":{"start":{"line":110,"column":24},"end":{"line":110,"column":36}},"63":{"start":{"line":112,"column":4},"end":{"line":114,"column":5}},"64":{"start":{"line":113,"column":6},"end":{"line":113,"column":16}},"65":{"start":{"line":116,"column":4},"end":{"line":116,"column":39}},"66":{"start":{"line":117,"column":4},"end":{"line":119,"column":5}},"67":{"start":{"line":118,"column":6},"end":{"line":118,"column":41}},"68":{"start":{"line":121,"column":4},"end":{"line":125,"column":5}},"69":{"start":{"line":122,"column":6},"end":{"line":124,"column":7}},"70":{"start":{"line":123,"column":8},"end":{"line":123,"column":75}},"71":{"start":{"line":127,"column":4},"end":{"line":127,"column":26}},"72":{"start":{"line":129,"column":4},"end":{"line":129,"column":16}},"73":{"start":{"line":133,"column":4},"end":{"line":133,"column":37}},"74":{"start":{"line":133,"column":25},"end":{"line":133,"column":37}},"75":{"start":{"line":135,"column":4},"end":{"line":135,"column":39}},"76":{"start":{"line":138,"column":4},"end":{"line":138,"column":52}},"77":{"start":{"line":139,"column":4},"end":{"line":139,"column":53}},"78":{"start":{"line":141,"column":4},"end":{"line":141,"column":27}},"79":{"start":{"line":143,"column":4},"end":{"line":143,"column":16}},"80":{"start":{"line":147,"column":4},"end":{"line":147,"column":36}},"81":{"start":{"line":152,"column":4},"end":{"line":156,"column":5}},"82":{"start":{"line":153,"column":6},"end":{"line":153,"column":18}},"83":{"start":{"line":154,"column":6},"end":{"line":154,"column":23}},"84":{"start":{"line":155,"column":6},"end":{"line":155,"column":39}},"85":{"start":{"line":158,"column":4},"end":{"line":158,"column":75}},"86":{"start":{"line":159,"column":4},"end":{"line":159,"column":88}},"87":{"start":{"line":160,"column":4},"end":{"line":160,"column":88}},"88":{"start":{"line":161,"column":4},"end":{"line":161,"column":92}},"89":{"start":{"line":162,"column":4},"end":{"line":164,"column":6}},"90":{"start":{"line":166,"column":4},"end":{"line":166,"column":40}},"91":{"start":{"line":167,"column":4},"end":{"line":167,"column":57}},"92":{"start":{"line":169,"column":4},"end":{"line":171,"column":5}},"93":{"start":{"line":170,"column":6},"end":{"line":170,"column":42}},"94":{"start":{"line":173,"column":4},"end":{"line":173,"column":64}},"95":{"start":{"line":174,"column":4},"end":{"line":174,"column":53}},"96":{"start":{"line":175,"column":4},"end":{"line":175,"column":30}},"97":{"start":{"line":176,"column":4},"end":{"line":176,"column":62}},"98":{"start":{"line":177,"column":4},"end":{"line":177,"column":41}},"99":{"start":{"line":178,"column":4},"end":{"line":178,"column":29}},"100":{"start":{"line":181,"column":4},"end":{"line":183,"column":5}},"101":{"start":{"line":182,"column":6},"end":{"line":182,"column":36}},"102":{"start":{"line":185,"column":4},"end":{"line":187,"column":5}},"103":{"start":{"line":186,"column":6},"end":{"line":186,"column":41}},"104":{"start":{"line":189,"column":4},"end":{"line":189,"column":26}},"105":{"start":{"line":190,"column":4},"end":{"line":190,"column":43}},"106":{"start":{"line":190,"column":24},"end":{"line":190,"column":43}},"107":{"start":{"line":191,"column":4},"end":{"line":191,"column":88}},"108":{"start":{"line":191,"column":69},"end":{"line":191,"column":88}},"109":{"start":{"line":192,"column":4},"end":{"line":192,"column":61}},"110":{"start":{"line":192,"column":42},"end":{"line":192,"column":61}},"111":{"start":{"line":194,"column":4},"end":{"line":203,"column":5}},"112":{"start":{"line":195,"column":6},"end":{"line":195,"column":28}},"113":{"start":{"line":200,"column":6},"end":{"line":202,"column":12}},"114":{"start":{"line":201,"column":8},"end":{"line":201,"column":26}},"115":{"start":{"line":207,"column":4},"end":{"line":207,"column":20}},"116":{"start":{"line":208,"column":4},"end":{"line":208,"column":36}},"117":{"start":{"line":209,"column":4},"end":{"line":209,"column":34}},"118":{"start":{"line":211,"column":4},"end":{"line":221,"column":7}},"119":{"start":{"line":212,"column":6},"end":{"line":218,"column":12}},"120":{"start":{"line":220,"column":6},"end":{"line":220,"column":63}},"121":{"start":{"line":225,"column":4},"end":{"line":230,"column":5}},"122":{"start":{"line":226,"column":6},"end":{"line":226,"column":18}},"123":{"start":{"line":227,"column":6},"end":{"line":227,"column":18}},"124":{"start":{"line":229,"column":6},"end":{"line":229,"column":28}},"125":{"start":{"line":231,"column":4},"end":{"line":231,"column":41}},"126":{"start":{"line":232,"column":4},"end":{"line":232,"column":66}},"127":{"start":{"line":234,"column":4},"end":{"line":234,"column":19}},"128":{"start":{"line":238,"column":4},"end":{"line":243,"column":5}},"129":{"start":{"line":242,"column":6},"end":{"line":242,"column":27}},"130":{"start":{"line":245,"column":4},"end":{"line":250,"column":5}},"131":{"start":{"line":246,"column":6},"end":{"line":246,"column":18}},"132":{"start":{"line":247,"column":6},"end":{"line":247,"column":18}},"133":{"start":{"line":249,"column":6},"end":{"line":249,"column":28}},"134":{"start":{"line":252,"column":4},"end":{"line":252,"column":20}},"135":{"start":{"line":253,"column":4},"end":{"line":253,"column":41}},"136":{"start":{"line":254,"column":4},"end":{"line":256,"column":7}},"137":{"start":{"line":255,"column":6},"end":{"line":255,"column":36}},"138":{"start":{"line":258,"column":4},"end":{"line":258,"column":19}},"139":{"start":{"line":267,"column":4},"end":{"line":270,"column":5}},"140":{"start":{"line":268,"column":6},"end":{"line":268,"column":17}},"141":{"start":{"line":269,"column":6},"end":{"line":269,"column":15}},"142":{"start":{"line":275,"column":4},"end":{"line":275,"column":51}},"143":{"start":{"line":279,"column":4},"end":{"line":282,"column":5}},"144":{"start":{"line":280,"column":6},"end":{"line":280,"column":21}},"145":{"start":{"line":281,"column":6},"end":{"line":281,"column":19}},"146":{"start":{"line":284,"column":4},"end":{"line":284,"column":37}},"147":{"start":{"line":286,"column":4},"end":{"line":286,"column":39}},"148":{"start":{"line":288,"column":4},"end":{"line":288,"column":20}},"149":{"start":{"line":289,"column":4},"end":{"line":293,"column":5}},"150":{"start":{"line":290,"column":6},"end":{"line":292,"column":8}},"151":{"start":{"line":291,"column":8},"end":{"line":291,"column":35}},"152":{"start":{"line":295,"column":4},"end":{"line":295,"column":34}},"153":{"start":{"line":296,"column":4},"end":{"line":296,"column":40}},"154":{"start":{"line":298,"column":4},"end":{"line":302,"column":5}},"155":{"start":{"line":299,"column":6},"end":{"line":301,"column":7}},"156":{"start":{"line":300,"column":8},"end":{"line":300,"column":43}},"157":{"start":{"line":303,"column":4},"end":{"line":303,"column":39}},"158":{"start":{"line":304,"column":4},"end":{"line":304,"column":29}},"159":{"start":{"line":305,"column":4},"end":{"line":305,"column":29}},"160":{"start":{"line":307,"column":4},"end":{"line":307,"column":36}},"161":{"start":{"line":309,"column":4},"end":{"line":309,"column":19}},"162":{"start":{"line":313,"column":4},"end":{"line":316,"column":5}},"163":{"start":{"line":314,"column":6},"end":{"line":314,"column":21}},"164":{"start":{"line":315,"column":6},"end":{"line":315,"column":19}},"165":{"start":{"line":317,"column":4},"end":{"line":317,"column":20}},"166":{"start":{"line":318,"column":4},"end":{"line":325,"column":6}},"167":{"start":{"line":319,"column":6},"end":{"line":319,"column":29}},"168":{"start":{"line":320,"column":6},"end":{"line":324,"column":7}},"169":{"start":{"line":321,"column":8},"end":{"line":321,"column":44}},"170":{"start":{"line":323,"column":8},"end":{"line":323,"column":36}},"171":{"start":{"line":328,"column":4},"end":{"line":332,"column":5}},"172":{"start":{"line":329,"column":6},"end":{"line":331,"column":7}},"173":{"start":{"line":330,"column":8},"end":{"line":330,"column":43}},"174":{"start":{"line":333,"column":4},"end":{"line":333,"column":39}},"175":{"start":{"line":334,"column":4},"end":{"line":334,"column":29}},"176":{"start":{"line":335,"column":4},"end":{"line":335,"column":29}},"177":{"start":{"line":337,"column":4},"end":{"line":337,"column":19}},"178":{"start":{"line":341,"column":4},"end":{"line":345,"column":5}},"179":{"start":{"line":342,"column":6},"end":{"line":342,"column":40}},"180":{"start":{"line":344,"column":6},"end":{"line":344,"column":32}},"181":{"start":{"line":346,"column":4},"end":{"line":346,"column":16}},"182":{"start":{"line":350,"column":4},"end":{"line":350,"column":35}},"183":{"start":{"line":351,"column":4},"end":{"line":351,"column":16}},"184":{"start":{"line":355,"column":4},"end":{"line":361,"column":5}},"185":{"start":{"line":356,"column":6},"end":{"line":359,"column":7}},"186":{"start":{"line":357,"column":8},"end":{"line":357,"column":41}},"187":{"start":{"line":358,"column":8},"end":{"line":358,"column":72}},"188":{"start":{"line":360,"column":6},"end":{"line":360,"column":41}},"189":{"start":{"line":362,"column":4},"end":{"line":362,"column":31}},"190":{"start":{"line":366,"column":4},"end":{"line":366,"column":38}},"191":{"start":{"line":367,"column":4},"end":{"line":373,"column":5}},"192":{"start":{"line":368,"column":6},"end":{"line":370,"column":8}},"193":{"start":{"line":369,"column":8},"end":{"line":369,"column":40}},"194":{"start":{"line":372,"column":6},"end":{"line":372,"column":36}},"195":{"start":{"line":375,"column":4},"end":{"line":375,"column":16}},"196":{"start":{"line":386,"column":4},"end":{"line":386,"column":60}},"197":{"start":{"line":397,"column":4},"end":{"line":397,"column":66}},"198":{"start":{"line":401,"column":4},"end":{"line":401,"column":20}},"199":{"start":{"line":402,"column":4},"end":{"line":408,"column":6}},"200":{"start":{"line":403,"column":6},"end":{"line":407,"column":15}},"201":{"start":{"line":404,"column":8},"end":{"line":404,"column":31}},"202":{"start":{"line":405,"column":8},"end":{"line":405,"column":31}},"203":{"start":{"line":406,"column":8},"end":{"line":406,"column":15}},"204":{"start":{"line":412,"column":4},"end":{"line":412,"column":20}},"205":{"start":{"line":413,"column":4},"end":{"line":423,"column":6}},"206":{"start":{"line":414,"column":6},"end":{"line":414,"column":74}},"207":{"start":{"line":417,"column":6},"end":{"line":417,"column":41}},"208":{"start":{"line":417,"column":24},"end":{"line":417,"column":41}},"209":{"start":{"line":419,"column":6},"end":{"line":419,"column":61}},"210":{"start":{"line":420,"column":6},"end":{"line":420,"column":55}},"211":{"start":{"line":421,"column":6},"end":{"line":421,"column":27}},"212":{"start":{"line":422,"column":6},"end":{"line":422,"column":23}},"213":{"start":{"line":428,"column":4},"end":{"line":428,"column":32}},"214":{"start":{"line":428,"column":25},"end":{"line":428,"column":32}},"215":{"start":{"line":430,"column":4},"end":{"line":432,"column":19}},"216":{"start":{"line":434,"column":4},"end":{"line":434,"column":36}},"217":{"start":{"line":435,"column":4},"end":{"line":435,"column":55}},"218":{"start":{"line":435,"column":30},"end":{"line":435,"column":55}},"219":{"start":{"line":436,"column":4},"end":{"line":436,"column":41}},"220":{"start":{"line":437,"column":4},"end":{"line":439,"column":5}},"221":{"start":{"line":438,"column":6},"end":{"line":438,"column":34}},"222":{"start":{"line":441,"column":4},"end":{"line":441,"column":29}},"223":{"start":{"line":446,"column":0},"end":{"line":476,"column":3}},"224":{"start":{"line":448,"column":4},"end":{"line":448,"column":87}},"225":{"start":{"line":449,"column":4},"end":{"line":449,"column":18}},"226":{"start":{"line":452,"column":4},"end":{"line":452,"column":121}},"227":{"start":{"line":453,"column":4},"end":{"line":453,"column":56}},"228":{"start":{"line":456,"column":4},"end":{"line":456,"column":91}},"229":{"start":{"line":457,"column":4},"end":{"line":457,"column":16}},"230":{"start":{"line":460,"column":4},"end":{"line":460,"column":111}},"231":{"start":{"line":461,"column":4},"end":{"line":461,"column":39}},"232":{"start":{"line":462,"column":4},"end":{"line":462,"column":16}},"233":{"start":{"line":465,"column":4},"end":{"line":465,"column":117}},"234":{"start":{"line":466,"column":4},"end":{"line":466,"column":16}},"235":{"start":{"line":469,"column":4},"end":{"line":469,"column":118}},"236":{"start":{"line":470,"column":4},"end":{"line":470,"column":16}},"237":{"start":{"line":473,"column":4},"end":{"line":473,"column":117}},"238":{"start":{"line":474,"column":4},"end":{"line":474,"column":16}},"239":{"start":{"line":477,"column":0},"end":{"line":477,"column":53}},"240":{"start":{"line":480,"column":0},"end":{"line":484,"column":1}},"241":{"start":{"line":481,"column":2},"end":{"line":481,"column":40}},"242":{"start":{"line":481,"column":29},"end":{"line":481,"column":40}},"243":{"start":{"line":482,"column":2},"end":{"line":482,"column":34}},"244":{"start":{"line":483,"column":2},"end":{"line":483,"column":62}},"245":{"start":{"line":485,"column":0},"end":{"line":485,"column":33}},"246":{"start":{"line":489,"column":0},"end":{"line":489,"column":34}},"247":{"start":{"line":490,"column":0},"end":{"line":490,"column":32}},"248":{"start":{"line":491,"column":0},"end":{"line":491,"column":42}},"249":{"start":{"line":492,"column":0},"end":{"line":492,"column":61}},"250":{"start":{"line":493,"column":0},"end":{"line":493,"column":66}},"251":{"start":{"line":495,"column":0},"end":{"line":495,"column":33}},"252":{"start":{"line":497,"column":0},"end":{"line":526,"column":1}},"253":{"start":{"line":498,"column":2},"end":{"line":498,"column":21}},"254":{"start":{"line":499,"column":2},"end":{"line":525,"column":5}},"255":{"start":{"line":500,"column":4},"end":{"line":521,"column":5}},"256":{"start":{"line":501,"column":6},"end":{"line":504,"column":8}},"257":{"start":{"line":502,"column":8},"end":{"line":502,"column":23}},"258":{"start":{"line":503,"column":8},"end":{"line":503,"column":22}},"259":{"start":{"line":506,"column":6},"end":{"line":509,"column":8}},"260":{"start":{"line":507,"column":8},"end":{"line":507,"column":23}},"261":{"start":{"line":508,"column":8},"end":{"line":508,"column":23}},"262":{"start":{"line":511,"column":6},"end":{"line":515,"column":7}},"263":{"start":{"line":512,"column":8},"end":{"line":512,"column":50}},"264":{"start":{"line":513,"column":8},"end":{"line":513,"column":48}},"265":{"start":{"line":514,"column":8},"end":{"line":514,"column":30}},"266":{"start":{"line":517,"column":6},"end":{"line":517,"column":38}},"267":{"start":{"line":518,"column":6},"end":{"line":518,"column":36}},"268":{"start":{"line":520,"column":6},"end":{"line":520,"column":20}},"269":{"start":{"line":523,"column":4},"end":{"line":523,"column":47}},"270":{"start":{"line":524,"column":4},"end":{"line":524,"column":63}},"271":{"start":{"line":528,"column":0},"end":{"line":535,"column":1}},"272":{"start":{"line":529,"column":2},"end":{"line":534,"column":5}},"273":{"start":{"line":530,"column":4},"end":{"line":532,"column":7}},"274":{"start":{"line":531,"column":6},"end":{"line":531,"column":33}},"275":{"start":{"line":533,"column":4},"end":{"line":533,"column":64}},"276":{"start":{"line":537,"column":0},"end":{"line":550,"column":1}},"277":{"start":{"line":539,"column":2},"end":{"line":545,"column":3}},"278":{"start":{"line":540,"column":4},"end":{"line":540,"column":16}},"279":{"start":{"line":541,"column":4},"end":{"line":541,"column":26}},"280":{"start":{"line":543,"column":9},"end":{"line":545,"column":3}},"281":{"start":{"line":544,"column":4},"end":{"line":544,"column":32}},"282":{"start":{"line":547,"column":2},"end":{"line":547,"column":56}},"283":{"start":{"line":549,"column":2},"end":{"line":549,"column":39}}},"branchMap":{"1":{"line":27,"type":"if","locations":[{"start":{"line":27,"column":4},"end":{"line":27,"column":4}},{"start":{"line":27,"column":4},"end":{"line":27,"column":4}}]},"2":{"line":27,
[...]
r (var key in this.options) {","    if (this.options.hasOwnProperty(key)) {","      options[key] = this.options[key];","    }","  }","  var req = this.transport.request(options, function (res) {","    res.setEncoding('utf8');","    if (res.statusCode >= 200 && res.statusCode < 300) {","      client.emit('logged', eventId);","      cb && cb(null, eventId);","    } else {","      var reason = res.headers['x-sentry-error'];","      var e = new Error('HTTP Error (' + res.statusCode + '): ' + reason);","      e.response = res;","      e.statusCode = res.statusCode;","      e.reason = reason;","      e.sendMessage = message;","      e.requestHeaders = headers;","      e.eventId = eventId;","      client.emit('error', e);","      cb && cb(e);","    }","    // force the socket to drain","    var noop = function () {};","    res.on('data', noop);","    res.on('end', noop);","  });","","  var cbFired = false;","  req.on('error', function (e) {","    client.emit('error', e);","    if (!cbFired) {","      cb && cb(e);","      cbFired = true;","    }","  });","  req.end(message);","};","","var https = require('https');","","function HTTPSTransport(options) {","  this.defaultPort = 443;","  this.transport = https;","  this.options = options || {};","}","util.inherits(HTTPSTransport, HTTPTransport);","","module.exports.http = new HTTPTransport();","module.exports.https = new HTTPSTransport();","module.exports.Transport = Transport;","module.exports.HTTPTransport = HTTPTransport;","module.exports.HTTPSTransport = HTTPSTransport;",""],"l":{"3":1,"4":1,"6":1,"7":1,"9":1,"11":1,"12":1,"13":1,"14":1,"16":1,"17":1,"18":0,"26":0,"27":0,"28":0,"31":0,"32":0,"33":0,"34":0,"35":0,"37":0,"38":0,"39":0,"40":0,"41":0,"42":0,"43":0,"44":0,"45":0,"46":0,"49":0,"50":0,"51":0,"54":0,"55":0,"56":0,"57":0,"58":0,"59":0,"62":0,"65":1,"67":1,"68":1,"69":1,"70":1,"72":1,"74":1,"75":1,"76":1,"77":1,"78":1}},"/home/travis/build/npmtest/node-npmtest-raven/node_modules/raven/lib/breadcrumbs.js":{"path":"/home/travis/build/npmtest/node-npmtest-raven/node_modules/raven/lib/breadcrumbs.js","s":{"1":1,"2":1,"3":1,"4":0,"5":0,"6":0,"7":0,"8":1,"9":1,"10":0,"11":0,"12":0,"13":0,"14":0,"15":0,"16":0,"17":0,"18":0,"19":0,"20":0,"21":0,"22":0,"23":0,"24":0,"25":0,"26":0,"27":0,"28":0,"29":0,"30":0,"31":0,"32":0,"33":0,"34":0,"35":0,"36":0,"37":0,"38":0,"39":0,"40":0,"41":0,"42":0,"43":0,"44":0,"45":0,"46":0,"47":0,"48":0,"49":0,"50":1,"51":0,"52":0,"53":0,"54":1,"55":0,"56":0,"57":0,"58":0,"59":0,"60":0,"61":1},"b":{"1":[0,0],"2":[0,0],"3":[0,0],"4":[0,0],"5":[0,0],"6":[0,0,0],"7":[0,0],"8":[0,0],"9":[0,0],"10":[0,0],"11":[0,0]},"f":{"1":0,"2":0,"3":0,"4":0,"5":0,"6":0,"7":0,"8":0,"9":0,"10":0,"11":0,"12":0,"13":0,"14":0,"15":0,"16":0,"17":0,"18":0},"fnMap":{"1":{"name":"fill","line":13,"loc":{"start":{"line":13,"column":0},"end":{"line":13,"column":45}}},"2":{"name":"(anonymous_2)","line":24,"loc":{"start":{"line":24,"column":11},"end":{"line":24,"column":28}}},"3":{"name":"(anonymous_3)","line":25,"loc":{"start":{"line":25,"column":28},"end":{"line":25,"column":45}}},"4":{"name":"(anonymous_4)","line":30,"loc":{"start":{"line":30,"column":27},"end":{"line":30,"column":59}}},"5":{"name":"(anonymous_5)","line":35,"loc":{"start":{"line":35,"column":15},"end":{"line":35,"column":27}}},"6":{"name":"(anonymous_6)","line":52,"loc":{"start":{"line":52,"column":8},"end":{"line":52,"column":25}}},"7":{"name":"(anonymous_7)","line":55,"loc":{"start":{"line":55,"column":24},"end":{"line":55,"column":47}}},"8":{"name":"(anonymous_8)","line":77,"loc":{"start":{"line":77,"column":42},"end":{"line":77,"column":62}}},"9":{"name":"(anonymous_9)","line":78,"loc":{"start":{"line":78,"column":13},"end":{"line":78,"column":39}}},"10":{"name":"(anonymous_10)","line":96,"loc":{"start":{"line":96,"column":32},"end":{"line":96,"column":44}}},"11":{"name":"(anonymous_11)","line":103,"loc":{"start":{"line":103,"column":26},"end":{"line":103,"column":38}}},"12":{"name":"(anonymous_12)","line":104,"loc":{"start":{"line":104,"column":13},"end":{"line":104,"column":36}}},"13":{"name":"(anonymous_13)","line":109,"loc":{"start":{"line":109,"column":22},"end":{"line":109,"column":34}}},"14":{"name":"(anonymous_14)","line":110,"loc":{"start":{"line":110,"column":13},"end":{"line":110,"column":36}}},"15":{"name":"(anonymous_15)","line":118,"loc":{"start":{"line":118,"column":6},"end":{"line":118,"column":23}}},"16":{"name":"(anonymous_16)","line":122,"loc":{"start":{"line":122,"column":36},"end":{"line":122,"column":52}}},"17":{"name":"instrument","line":133,"loc":{"start":{"line":133,"column":0},"end":{"line":133,"column":32}}},"18":{"name":"restoreOriginals","line":142,"loc":{"start":{"line":142,"column":0},"end":{"line":142,"column":28}}}},"statementMap":{"1":{"start":{"line":3,"column":0},"end":{"line":3,"column":27}},"2":{"start":{"line":4,"column":0},"end":{"line":4,"column":34}},"3":{"start":{"line":13,"column":0},"end":{"line":19,"column":1}},"4":{"start":{"line":14,"column":2},"end":{"line":14,"column":23}},"5":{"start":{"line":15,"column":2},"end":{"line":15,"column":32}},"6":{"start":{"line":16,"column":2},"end":{"line":18,"column":3}},"7":{"start":{"line":17,"column":4},"end":{"line":17,"column":34}},"8":{"start":{"line":21,"column":0},"end":{"line":21,"column":19}},"9":{"start":{"line":23,"column":0},"end":{"line":131,"column":2}},"10":{"start":{"line":25,"column":4},"end":{"line":47,"column":6}},"11":{"start":{"line":26,"column":6},"end":{"line":28,"column":7}},"12":{"start":{"line":27,"column":8},"end":{"line":27,"column":15}},"13":{"start":{"line":30,"column":6},"end":{"line":46,"column":20}},"14":{"start":{"line":31,"column":8},"end":{"line":33,"column":20}},"15":{"start":{"line":35,"column":8},"end":{"line":45,"column":10}},"16":{"start":{"line":36,"column":10},"end":{"line":36,"column":46}},"17":{"start":{"line":38,"column":10},"end":{"line":42,"column":13}},"18":{"start":{"line":44,"column":10},"end":{"line":44,"column":52}},"19":{"start":{"line":49,"column":4},"end":{"line":49,"column":73}},"20":{"start":{"line":53,"column":4},"end":{"line":53,"column":31}},"21":{"start":{"line":54,"column":4},"end":{"line":54,"column":47}},"22":{"start":{"line":55,"column":4},"end":{"line":74,"column":6}},"23":{"start":{"line":62,"column":6},"end":{"line":62,"column":48}},"24":{"start":{"line":67,"column":6},"end":{"line":73,"column":7}},"25":{"start":{"line":68,"column":8},"end":{"line":68,"column":44}},"26":{"start":{"line":70,"column":8},"end":{"line":72,"column":36}},"27":{"start":{"line":75,"column":4},"end":{"line":75,"column":52}},"28":{"start":{"line":77,"column":4},"end":{"line":94,"column":7}},"29":{"start":{"line":78,"column":6},"end":{"line":93,"column":8}},"30":{"start":{"line":79,"column":8},"end":{"line":91,"column":9}},"31":{"start":{"line":80,"column":10},"end":{"line":90,"column":11}},"32":{"start":{"line":81,"column":12},"end":{"line":89,"column":15}},"33":{"start":{"line":92,"column":8},"end":{"line":92,"column":47}},"34":{"start":{"line":96,"column":4},"end":{"line":98,"column":18}},"35":{"start":{"line":97,"column":6},"end":{"line":97,"column":27}},"36":{"start":{"line":103,"column":4},"end":{"line":107,"column":18}},"37":{"start":{"line":104,"column":6},"end":{"line":106,"column":8}},"38":{"start":{"line":105,"column":8},"end":{"line":105,"column":51}},"39":{"start":{"line":109,"column":4},"end":{"line":115,"column":18}},"40":{"start":{"line":110,"column":6},"end":{"line":114,"column":8}},"41":{"start":{"line":111,"column":8},"end":{"line":111,"column":44}},"42":{"start":{"line":112,"column":8},"end":{"line":112,"column":18}},"43":{"start":{"line":113,"column":8},"end":{"line":113,"column":19}},"44":{"start":{"line":120,"column":4},"end":{"line":120,"column":27}},"45":{"start":{"line":121,"column":4},"end":{"line":121,"column":50}},"46":{"start":{"line":122,"column":4},"end":{"line":128,"column":6}},"47":{"start":{"line":123,"column":6},"end":{"line":126,"column":9}},"48":{"start":{"line":127,"column":6},"end":{"line":127,"column":33}},"49":{"start":{"line":129,"column":4},"end":{"line":129,"column":66}},"50":{"start":{"line":133,"column":0},"end":{"line":140,"column":1}},"51":{"start":{"line":134,"column":2},"end":{"line":139,"column":3}},"52":{"start":{"line":135,"column":4},"end":{"line":135,"column":25}},"53":{"start":{"line":136,"column":4},"end":{"line":136,"column":67}},"54":{"start":{"line":142,"column":0},"end":{"line":151,"column":1}},"55":{"start":{"line":143,"column":2},"end":{"line":143,"column":15}},"56":{"start":{"line":145,"column":2},"end":{"line":150,"column":3}},"57":{"start":{"line":146,"column":4},"end":{"line":146,"column":26}},"58":{"start":{"line":147,"column":4},"end":{"line":147,"column":27}},"59":{"start":{"line":148,"column":4},"end":{"line":148,"column":27}},"60":{"start":{"line":149,"column":4},"end":{"line":149,"column":21}},"61":{"start":{"line":153,"column":0},"end":{"line":156,"column":2}}},"branchMap":{"1":{"line":16,"type":"if","locations":[{"start":{"line":16,"column":2},"end":{"line":16,"column":2}},{"start":{"line":16,"column":2},"end":{"line":16,"column":2}}]},"2":{"line":26,"type":"if","locations":[{"start":{"line":26,"column":6},"end":{"line":26,"column":6}},{"start":{"line":26,"column":6},"end":{"line":26,"column":6}}]},"3":{"line":31,"type":"cond-expr","locations":[{"start":{"line":32,"column":14},"end":{"line":32,"column":23}},{"start":{"line":33,"column":14},"end":{"line":33,"column":19}}]},"4":{"line":67,"type":"if","locations":[{"start":{"line":67,"column":6},"end":{"line":67,"column":6}},{"start":{"line":67,"column":6},"end":{"line":67,"column":6}}]},"5":{"line":70,"type":"binary-expr","locations":[{"start":{"line":70,"column":37},"end":{"line":70,"column":53}},{"start":{"line":70,"column":57},"end":{"line":70,"column":59}}]},"6":{"line":71,"type":"binary-expr","locations":[{"start":{"line":71,"column":15},"end":{"line":71,"column":31}},{"start":{"line":71,"column":35},"end":{"line":71,"column":47}},{"start":{"line":71,"column":51},"end":{"line":71,"column":53}}]},"7":{"line":72,"type":"binary-expr","locations":[{"start":{"line":72,"column":15},"end":{"line":72,"column":27}},{"start":{"line":72,"column":31},"end":{"line":72,"column":34}}]},"8":{"line":79,"type":"if","locations":[{"start":{"line":79,"column":8},"end":{"line":79,"column":8}},{"start":{"line":79,"column":8},"end":{"line":79,"column":8}}]},"9":{"line":79,"type":"binary-expr","locations":[{"start":{"line":79,"column":12},"end":{"line":79,"column":30}},{"start":{"line":79,"column":34},"end":{"line":79,"column":59}}]},"10":{"line":80,"type":"if","locations":[{"start":{"line":80,"column":10},"end":{"line":80,"column":10}},{"start":{"line":80,"column":10},"end":{"line":80,"column":10}}]},"11":{"line":80,"type":"binary-expr","locations":[{"start":{"line":80,"column":14},"end":{"line":80,"column":24}},{"start":{"line":80,"column":28},"end":{"line":80,"column":84}}]}},"code":["'use strict';","","var util = require('util');","var utils = require('./utils.js');","","/**"," * Polyfill a method"," * @param obj object e.g. `document`"," * @param name method name present on object e.g. `addEventListener`"," * @param replacement replacement function"," * @param track {optional} record instrumentation to an array"," */","function fill(obj, name, replacement, track) {","  var orig = obj[name];","  obj[name] = replacement(orig);","  if (track) {","    track.push([obj, name, orig]);","  }","}","","var originals = [];","","var wrappers = {","  console: function (Raven) {","    var wrapConsoleMethod = function (level) {","      if (!(level in console)) {","        return;","      }","","      fill(console, level, function (originalConsoleLevel) {","        var sentryLevel = level === 'warn'","            ? 'warning'","            : level;","","        return function () {","          var args = [].slice.call(arguments);","","          Raven.captureBreadcrumb({","            message: util.format.apply(null, args),","            level: sentryLevel,","            category: 'console'","          });","","          originalConsoleLevel.apply(console, args);","        };","      }, originals);","    };","","    ['debug', 'info', 'warn', 'error', 'log'].forEach(wrapConsoleMethod);","  },","","  http: function (Raven) {","    var http = require('http');","    var OrigClientRequest = http.ClientRequest;","    var ClientRequest = function (options, cb) {","      // Note: this won't capture a breadcrumb if a response never comes","      // It would be useful to know if that was the case, though, so","      // todo: revisit to see if we can capture sth indicating response never came","      // possibility: capture one breadcrumb for \"req sent\" and one for \"res recvd\"","      // seems excessive but solves the problem and *is* strictly more information","      // could be useful for weird response sequencing bug scenarios","      OrigClientRequest.call(this, options, cb);","","      // We could just always reconstruct this from this.agent, this._headers, this.path, etc","      // but certain other http-instrumenting libraries (like nock, which we use for tests) fail to","      // maintain the guarantee that after calling OrigClientRequest, those fields will be populated","      if (typeof options === 'string') {","        this.__ravenBreadcrumbUrl = options;","      } else {","        this.__ravenBreadcrumbUrl = (options.protocol || '') + '//' +","              (options.hostname || options.host || '') +","              (options.path || '/');","      }","    };","    util.inherits(ClientRequest, OrigClientRequest);","","    fill(ClientRequest.prototype, 'emit', function (origEmit) {","      return function (evt, maybeResp) {","        if (evt === 'response' && this.__ravenBreadcrumbUrl) {","          if (!Raven.dsn || this.__ravenBreadcrumbUrl.indexOf(Raven.dsn.host) === -1) {","            Raven.captureBreadcrumb({","              type: 'http',","              category: 'http',","              data: {","                method: this.method,","                url: this.__ravenBreadcrumbUrl,","                status_code: maybeResp.statusCode","              }","            });","          }","        }","        return origEmit.apply(this, arguments);","      };","    });","","    fill(http, 'ClientRequest', function () {","      return ClientRequest;","    }, originals);","","    // http.request orig refs module-internal ClientRequest, not exported one, so","    // it still points at orig ClientRequest after our monkeypatch; these reimpls","    // just get that reference updated to use our new ClientRequest","    fill(http, 'request', function () {","      return function (options, cb) {","        return new http.ClientRequest(options, cb);","      };","    }, originals);","","    fill(http, 'get', function () {","      return function (options, cb) {","        var req = http.request(options, cb);","        req.end();","        return req;","      };","    }, originals);","  },","","  pg: function (Raven) {","    // Using fill helper here is hard because of `this` binding","    var pg = require('pg');","    var origQuery = pg.Connection.prototype.query;","    pg.Connection.prototype.query = function (text) {","      Raven.captureBreadcrumb({","        category: 'postgres',","        message: text","      });","      origQuery.call(this, text);","    };","    originals.push([pg.Connection.prototype, 'query', origQuery]);","  }","};","","function instrument(key, Raven) {","  try {","    wrappers[key](Raven);","    utils.consoleAlert('Enabled automatic breadcrumbs for ' + key);","  } catch (e) {","    // associated module not available","  }","}","","function restoreOriginals() {","  var original;","  // eslint-disable-next-line no-cond-assign","  while (original = originals.shift()) {","    var obj = original[0];","    var name = original[1];","    var orig = original[2];","    obj[name] = orig;","  }","}","","module.exports = {","  instrument: instrument,","  restoreOriginals: restoreOriginals","};",""],"l":{"3":1,"4":1,"13":1,"14":0,"15":0,"16":0,"17":0,"21":1,"23":1,"25":0,"26":0,"27":0,"30":0,"31":0,"35":0,"36":0,"38":0,"44":0,"49":0,"53":0,"54":0,"55":0,"62":0,"67":0,"68":0,"70":0,"75":0,"77":0,"78":0,"79":0,"80":0,"81":0,"92":0,"96":0,"97":0,"103":0,"104":0,"105":0,"109":0,"110":0,"111":0,"112":0,"113":0,"120":0,"121":0,"122":0,"123":0,"127":0,"129":0,"133":1,"134":0,"135":0,"136":0,"142":1,"143":0,"145":0,"146":0,"147":0,"148":0,"149":0,"153":1}},"/home/travis/build/npmtest/node-npmtest-raven/node_modules/raven/lib/middleware/connect.js":{"path":"/home/travis/build/npmtest/node-npmtest-raven/node_modules/raven/lib/middleware/connect.js","s":{"1":1,"2":1,"3":1,"4":0,"5":1,"6":0,"7":1,"8":0,"9":0,"10":1,"11":0,"12":0,"13":1,"14":1},"b":{"1":[0,0]},"f":{"1":0,"2":0,"3":0,"4":0},"fnMap":{"1":{"name":"(anonymous_1)","line":7,"loc":{"start":{"line":7,"column":24},"end":{"line":7,"column":42}}},"2":{"name":"(anonymous_2)","line":11,"loc":{"start":{"line":11,"column":16},"end":{"line":11,"column":39}}},"3":{"name":"(anonymous_3)","line":18,"loc":{"start":{"line":18,"column":33},"end":{"line":18,"column":56}}},"4":{"name":"(anonymous_4)","line":25,"loc":{"start":{"line":25,"column":35},"end":{"line":25,"column":58}}}},"statementMap":{"1":{"start":{"line":3,"column":0},"end":{"line":3,"column":33}},"2":{"start":{"line":4,"column":0},"end":{"line":4,"column":32}},"3":{"start":{"line":7,"column":0},"end":{"line":9,"column":2}},"4":{"start":{"line":8,"column":2},"end":{"line":8,"column":48}},"5":{"start":{"line":11,"column":0},"end":{"line":14,"column":2}},"6":{"start":{"line":13,"column":2},"end":{"line":13,"column":96}},"7":{"start":{"line":18,"column":0},"end":{"line":21,"column":2}},"8":{"start":{"line":19,"column":2},"end":{"line":19,"column":168}},"9":{"start":{"line":20,"column":2},"end":{"line":20,"column":47}},"10":{"start":{"line":25,"column":0},"end":{"line":28,"column":2}},"11":{"start":{"line":26,"column":2},"end":{"line":26,"column":172}},"12":{"start":{"line":27,"column":2},"end":{"line":27,"column":49}},"13":{"start":{"line":31,"column":0},"end":{"line":31,"column":40}},"14":{"start":{"line":33,"column":0},"end":{"line":33,"column":35}}},"branchMap":{"1":{"line":13,"type":"cond-expr","locations":[{"start":{"line":13,"column":52},"end":{"line":13,"column":63}},{"start":{"line":13,"column":66},"end":{"line":13,"column":95}}]}},"code":["'use strict';","","var Raven = require('../client');","var utils = require('../utils');","","// Legacy support","var connectMiddleware = function (client) {","  return connectMiddleware.errorHandler(client);","};","","var getClient = function (clientOrDSN) {","  // Raven is an instance, so use Raven.constructor for instanceof check","  return clientOrDSN instanceof Raven.constructor ? clientOrDSN : new Raven.Client(clientOrDSN);","};","","// Error handler. This should be the last item listed in middleware, but","// before any other error handlers.","connectMiddleware.errorHandler = function (clientOrDSN) {","  utils.consoleAlertOnce('top-level Raven.middleware.*.errorHandler has been deprecated and will be removed in v2.0; use Raven.errorHandler() instance method instead');","  return getClient(clientOrDSN).errorHandler();","};","","// Ensures asynchronous exceptions are routed to the errorHandler. This","// should be the **first** item listed in middleware.","connectMiddleware.requestHandler = function (clientOrDSN) {","  utils.consoleAlertOnce('top-level Raven.middleware.*.requestHandler has been deprecated and will be removed in v2.0; use Raven.requestHandler() instance method instead');","  return getClient(clientOrDSN).requestHandler();","};","","// for testing purposes only; not gonna worry about a nicer test exposure scheme since this code is going away soon","connectMiddleware.getClient = getClient;","","module.exports = connectMiddleware;",""],"l":{"3":1,"4":1,"7":1,"8":0,"11":1,"13":0,"18":1,"19":0,"20":0,"25":1,"26":0,"27":0,"31":1,"33":1}}}